#0 building with "default" instance using docker driver

#1 [internal] load build definition from Dockerfile.comprehensive
#1 transferring dockerfile: 44B 0.1s
#1 transferring dockerfile: 11.90kB 0.4s done
#1 DONE 0.5s

#2 [internal] load metadata for m.daocloud.io/docker.io/library/debian:stable-slim
#2 DONE 2.1s

#3 [internal] load .dockerignore
#3 transferring context:
#3 transferring context: 2B 0.3s done
#3 DONE 0.4s

#4 [internal] load build context
#4 DONE 0.0s

#5 [dssat-builder 1/7] FROM m.daocloud.io/docker.io/library/debian:stable-slim@sha256:50db38a20a279ccf50761943c36f9e82378f92ef512293e1239b26bb77a8b496
#5 resolve m.daocloud.io/docker.io/library/debian:stable-slim@sha256:50db38a20a279ccf50761943c36f9e82378f92ef512293e1239b26bb77a8b496 0.1s done
#5 CACHED

#6 [stage-1  2/28] WORKDIR /app
#6 CACHED

#4 [internal] load build context
#4 transferring context: 410.65kB 4.8s
#4 transferring context: 962.29kB 9.9s
#4 ...

#7 [dssat-builder 2/7] RUN apt-get update &&     apt-get install -y     ca-certificates     gfortran     cmake     && rm -rf /var/lib/apt/lists/*
#7 9.537 Get:1 http://deb.debian.org/debian stable InRelease [151 kB]
#7 ...

#8 [stage-1  3/28] RUN apt-get update &&     apt-get install -y     build-essential     gfortran     libopenblas-dev     liblapack-dev     libhdf5-dev     pkg-config     git     wget     curl     vim     less     htop     python3     python3-pip     python3-dev     && rm -rf /var/lib/apt/lists/*
#8 ...

#4 [internal] load build context
#4 transferring context: 2.50MB 15.0s
#4 transferring context: 2.99MB 20.2s
#4 ...

#7 [dssat-builder 2/7] RUN apt-get update &&     apt-get install -y     ca-certificates     gfortran     cmake     && rm -rf /var/lib/apt/lists/*
#7 10.41 Get:2 http://deb.debian.org/debian stable-updates InRelease [55.4 kB]
#7 11.43 Get:3 http://deb.debian.org/debian-security stable-security InRelease [48.0 kB]
#7 19.93 Get:4 http://deb.debian.org/debian stable/main amd64 Packages [8793 kB]
#7 ...

#4 [internal] load build context
#4 transferring context: 3.00MB 25.2s
#4 transferring context: 4.48MB 30.4s
#4 ...

#7 [dssat-builder 2/7] RUN apt-get update &&     apt-get install -y     ca-certificates     gfortran     cmake     && rm -rf /var/lib/apt/lists/*
#7 30.97 Get:5 http://deb.debian.org/debian stable-updates/main amd64 Packages [756 B]
#7 31.93 Get:6 http://deb.debian.org/debian-security stable-security/main amd64 Packages [269 kB]
#7 35.07 Fetched 9317 kB in 28s (335 kB/s)
#7 35.07 Reading package lists...
#7 ...

#4 [internal] load build context
#4 transferring context: 5.53MB 36.4s
#4 ...

#7 [dssat-builder 2/7] RUN apt-get update &&     apt-get install -y     ca-certificates     gfortran     cmake     && rm -rf /var/lib/apt/lists/*
#7 35.07 Reading package lists...
#7 39.45 Reading package lists...
#7 44.24 Building dependency tree...
#7 ...

#4 [internal] load build context
#4 transferring context: 7.25MB 44.9s
#4 ...

#7 [dssat-builder 2/7] RUN apt-get update &&     apt-get install -y     ca-certificates     gfortran     cmake     && rm -rf /var/lib/apt/lists/*
#7 44.24 Building dependency tree...
#7 45.18 Reading state information...
#7 46.90 The following additional packages will be installed:
#7 46.90   binutils binutils-common binutils-x86-64-linux-gnu cmake-data cpp cpp-12
#7 46.91   fontconfig-config fonts-dejavu-core gcc gcc-12 gfortran-12 krb5-locales
#7 46.91   libabsl20220623 libaom3 libarchive13 libasan8 libatomic1 libavif15
#7 46.91   libbinutils libbrotli1 libbsd0 libc-dev-bin libc-devtools libc6-dev libcc1-0
#7 46.91   libcrypt-dev libctf-nobfd0 libctf0 libcurl4 libdav1d6 libde265-0 libdeflate0
#7 46.91   libexpat1 libfontconfig1 libfreetype6 libgav1-1 libgcc-12-dev libgd3
#7 46.91   libgfortran-12-dev libgfortran5 libgomp1 libgpm2 libgprofng0
#7 46.91   libgssapi-krb5-2 libheif1 libicu72 libisl23 libitm1 libjansson4 libjbig0
#7 46.91   libjpeg62-turbo libjsoncpp25 libk5crypto3 libkeyutils1 libkrb5-3
#7 46.91   libkrb5support0 libldap-2.5-0 libldap-common liblerc4 liblsan0 libmpc3
#7 46.91   libmpfr6 libncursesw6 libnghttp2-14 libnsl-dev libnsl2 libnuma1 libpng16-16
#7 46.93   libproc2-0 libpsl5 libquadmath0 librav1e0 librhash0 librtmp1 libsasl2-2
#7 46.93   libsasl2-modules libsasl2-modules-db libssh2-1 libssl3 libsvtav1enc1
#7 46.93   libtiff6 libtirpc-common libtirpc-dev libtirpc3 libtsan2 libubsan1 libuv1
#7 46.93   libwebp7 libx11-6 libx11-data libx265-199 libxau6 libxcb1 libxdmcp6 libxml2
#7 46.93   libxpm4 libyuv0 linux-libc-dev make manpages manpages-dev openssl procps
#7 46.93   psmisc publicsuffix rpcsvc-proto
#7 46.93 Suggested packages:
#7 46.93   binutils-doc cmake-doc cmake-format elpa-cmake-mode ninja-build cpp-doc
#7 46.93   gcc-12-locales cpp-12-doc gcc-multilib autoconf automake libtool flex bison
#7 46.93   gdb gcc-doc gcc-12-multilib gcc-12-doc gfortran-multilib gfortran-doc
#7 46.93   gfortran-12-multilib gfortran-12-doc libcoarrays-dev lrzip glibc-doc
#7 46.93   libgd-tools gpm krb5-doc krb5-user libsasl2-modules-gssapi-mit
#7 46.93   | libsasl2-modules-gssapi-heimdal libsasl2-modules-ldap libsasl2-modules-otp
#7 46.93   libsasl2-modules-sql make-doc man-browser
#7 ...

#8 [stage-1  3/28] RUN apt-get update &&     apt-get install -y     build-essential     gfortran     libopenblas-dev     liblapack-dev     libhdf5-dev     pkg-config     git     wget     curl     vim     less     htop     python3     python3-pip     python3-dev     && rm -rf /var/lib/apt/lists/*
#8 39.46 Get:1 http://deb.debian.org/debian stable InRelease [151 kB]
#8 40.46 Get:2 http://deb.debian.org/debian stable-updates InRelease [55.4 kB]
#8 41.76 Get:3 http://deb.debian.org/debian-security stable-security InRelease [48.0 kB]
#8 45.16 Get:4 http://deb.debian.org/debian stable/main amd64 Packages [8793 kB]
#8 ...

#4 [internal] load build context
#4 transferring context: 7.59MB 50.0s
#4 ...

#7 [dssat-builder 2/7] RUN apt-get update &&     apt-get install -y     ca-certificates     gfortran     cmake     && rm -rf /var/lib/apt/lists/*
#7 50.53 The following NEW packages will be installed:
#7 50.54   binutils binutils-common binutils-x86-64-linux-gnu ca-certificates cmake
#7 50.54   cmake-data cpp cpp-12 fontconfig-config fonts-dejavu-core gcc gcc-12
#7 50.54   gfortran gfortran-12 krb5-locales libabsl20220623 libaom3 libarchive13
#7 50.54   libasan8 libatomic1 libavif15 libbinutils libbrotli1 libbsd0 libc-dev-bin
#7 50.54   libc-devtools libc6-dev libcc1-0 libcrypt-dev libctf-nobfd0 libctf0 libcurl4
#7 50.54   libdav1d6 libde265-0 libdeflate0 libexpat1 libfontconfig1 libfreetype6
#7 50.54   libgav1-1 libgcc-12-dev libgd3 libgfortran-12-dev libgfortran5 libgomp1
#7 50.55   libgpm2 libgprofng0 libgssapi-krb5-2 libheif1 libicu72 libisl23 libitm1
#7 50.55   libjansson4 libjbig0 libjpeg62-turbo libjsoncpp25 libk5crypto3 libkeyutils1
#7 50.55   libkrb5-3 libkrb5support0 libldap-2.5-0 libldap-common liblerc4 liblsan0
#7 50.55   libmpc3 libmpfr6 libncursesw6 libnghttp2-14 libnsl-dev libnsl2 libnuma1
#7 50.55   libpng16-16 libproc2-0 libpsl5 libquadmath0 librav1e0 librhash0 librtmp1
#7 50.56   libsasl2-2 libsasl2-modules libsasl2-modules-db libssh2-1 libssl3
#7 50.56   libsvtav1enc1 libtiff6 libtirpc-common libtirpc-dev libtirpc3 libtsan2
#7 50.56   libubsan1 libuv1 libwebp7 libx11-6 libx11-data libx265-199 libxau6 libxcb1
#7 50.56   libxdmcp6 libxml2 libxpm4 libyuv0 linux-libc-dev make manpages manpages-dev
#7 50.57   openssl procps psmisc publicsuffix rpcsvc-proto
#7 52.48 0 upgraded, 109 newly installed, 0 to remove and 0 not upgraded.
#7 52.48 Need to get 108 MB of archives.
#7 52.48 After this operation, 404 MB of additional disk space will be used.
#7 52.48 Get:1 http://deb.debian.org/debian stable/main amd64 libncursesw6 amd64 6.4-4 [134 kB]
#7 53.70 Get:2 http://deb.debian.org/debian stable/main amd64 libproc2-0 amd64 2:4.0.2-3 [62.8 kB]
#7 ...

#4 [internal] load build context
#4 transferring context: 9.08MB 57.3s
#4 transferring context: 9.58MB 62.3s
#4 ...

#8 [stage-1  3/28] RUN apt-get update &&     apt-get install -y     build-essential     gfortran     libopenblas-dev     liblapack-dev     libhdf5-dev     pkg-config     git     wget     curl     vim     less     htop     python3     python3-pip     python3-dev     && rm -rf /var/lib/apt/lists/*
#8 53.85 Get:5 http://deb.debian.org/debian stable-updates/main amd64 Packages [756 B]
#8 55.72 Get:6 http://deb.debian.org/debian-security stable-security/main amd64 Packages [269 kB]
#8 59.65 Fetched 9317 kB in 53s (177 kB/s)
#8 59.65 Reading package lists...
#8 64.10 Reading package lists...
#8 ...

#4 [internal] load build context
#4 transferring context: 10.60MB 67.7s
#4 ...

#7 [dssat-builder 2/7] RUN apt-get update &&     apt-get install -y     ca-certificates     gfortran     cmake     && rm -rf /var/lib/apt/lists/*
#7 57.93 Get:3 http://deb.debian.org/debian stable/main amd64 procps amd64 2:4.0.2-3 [709 kB]
#7 60.25 Get:4 http://deb.debian.org/debian stable/main amd64 libssl3 amd64 3.0.16-1~deb12u1 [2026 kB]
#7 ...

#4 [internal] load build context
#4 transferring context: 11.70MB 72.8s
#4 transferring context: 12.35MB 77.9s
#4 ...

#8 [stage-1  3/28] RUN apt-get update &&     apt-get install -y     build-essential     gfortran     libopenblas-dev     liblapack-dev     libhdf5-dev     pkg-config     git     wget     curl     vim     less     htop     python3     python3-pip     python3-dev     && rm -rf /var/lib/apt/lists/*
#8 64.10 Reading package lists...
#8 68.62 Building dependency tree...
#8 69.54 Reading state information...
#8 71.35 The following additional packages will be installed:
#8 71.35   binutils binutils-common binutils-x86-64-linux-gnu bzip2 ca-certificates cpp
#8 71.35   cpp-12 dirmngr dpkg-dev fakeroot fontconfig-config fonts-dejavu-core g++
#8 71.35   g++-12 gcc gcc-12 gfortran-12 git-man gnupg gnupg-l10n gnupg-utils gpg
#8 71.35   gpg-agent gpg-wks-client gpg-wks-server gpgconf gpgsm hdf5-helpers
#8 71.35   javascript-common krb5-locales libabsl20220623 libaec-dev libaec0
#8 71.35   libalgorithm-diff-perl libalgorithm-diff-xs-perl libalgorithm-merge-perl
#8 71.35   libaom3 libasan8 libassuan0 libatomic1 libavif15 libbinutils libbrotli1
#8 71.35   libbsd0 libc-dev-bin libc-devtools libc6-dev libcbor0.8 libcc1-0
#8 71.35   libcrypt-dev libctf-nobfd0 libctf0 libcurl3-gnutls libcurl4
#8 71.35   libcurl4-openssl-dev libdav1d6 libde265-0 libdeflate0 libdpkg-perl libedit2
#8 71.35   liberror-perl libexpat1 libexpat1-dev libfakeroot libfido2-1
#8 71.35   libfile-fcntllock-perl libfontconfig1 libfreetype6 libgav1-1 libgcc-12-dev
#8 71.35   libgd3 libgdbm-compat4 libgdbm6 libgfortran-12-dev libgfortran5 libgomp1
#8 71.35   libgpm2 libgprofng0 libgssapi-krb5-2 libhdf5-103-1 libhdf5-cpp-103-1
#8 71.35   libhdf5-fortran-102 libhdf5-hl-100 libhdf5-hl-cpp-100 libhdf5-hl-fortran-100
#8 71.35   libheif1 libisl23 libitm1 libjansson4 libjbig0 libjpeg-dev libjpeg62-turbo
#8 71.35   libjpeg62-turbo-dev libjs-jquery libjs-sphinxdoc libjs-underscore
#8 71.35   libk5crypto3 libkeyutils1 libkrb5-3 libkrb5support0 libksba8 liblapack3
#8 71.35   libldap-2.5-0 libldap-common liblerc4 liblocale-gettext-perl liblsan0
#8 71.35   libmpc3 libmpfr6 libncursesw6 libnghttp2-14 libnl-3-200 libnl-genl-3-200
#8 71.35   libnpth0 libnsl-dev libnsl2 libnuma1 libopenblas-pthread-dev libopenblas0
#8 71.35   libopenblas0-pthread libperl5.36 libpkgconf3 libpng16-16 libpsl5
#8 71.35   libpython3-dev libpython3-stdlib libpython3.11 libpython3.11-dev
#8 71.35   libpython3.11-minimal libpython3.11-stdlib libquadmath0 librav1e0
#8 71.36   libreadline8 librtmp1 libsasl2-2 libsasl2-modules libsasl2-modules-db
#8 71.36   libsodium23 libsqlite3-0 libssh2-1 libssl-dev libssl3 libstdc++-12-dev
#8 71.36   libsvtav1enc1 libsz2 libtiff6 libtirpc-common libtirpc-dev libtirpc3
#8 71.36   libtsan2 libubsan1 libwebp7 libx11-6 libx11-data libx265-199 libxau6 libxcb1
#8 71.36   libxdmcp6 libxext6 libxmuu1 libxpm4 libyuv0 linux-libc-dev make manpages
#8 71.36   manpages-dev media-types netbase openssh-client openssl patch perl
#8 71.36   perl-modules-5.36 pinentry-curses pkgconf pkgconf-bin publicsuffix
#8 71.36   python3-distutils python3-lib2to3 python3-minimal python3-pkg-resources
#8 71.36   python3-setuptools python3-wheel python3.11 python3.11-dev
#8 71.36   python3.11-minimal readline-common rpcsvc-proto vim-common vim-runtime xauth
#8 71.36   xxd xz-utils zlib1g-dev
#8 71.38 Suggested packages:
#8 71.38   binutils-doc bzip2-doc cpp-doc gcc-12-locales cpp-12-doc dbus-user-session
#8 71.38   libpam-systemd pinentry-gnome3 tor debian-keyring g++-multilib
#8 71.38   g++-12-multilib gcc-12-doc gcc-multilib autoconf automake libtool flex bison
#8 71.38   gdb gcc-doc gcc-12-multilib gfortran-multilib gfortran-doc
#8 71.38   gfortran-12-multilib gfortran-12-doc libcoarrays-dev gettext-base
#8 71.38   git-daemon-run | git-daemon-sysvinit git-doc git-email git-gui gitk gitweb
#8 71.38   git-cvs git-mediawiki git-svn parcimonie xloadimage scdaemon lm-sensors lsof
#8 71.38   strace apache2 | lighttpd | httpd glibc-doc libcurl4-doc libidn-dev
#8 71.38   libkrb5-dev libldap2-dev librtmp-dev libssh2-1-dev sensible-utils bzr
#8 71.38   libgd-tools gdbm-l10n gpm krb5-doc krb5-user libhdf5-doc liblapack-doc
#8 71.38   libsasl2-modules-gssapi-mit | libsasl2-modules-gssapi-heimdal
#8 71.38   libsasl2-modules-ldap libsasl2-modules-otp libsasl2-modules-sql libssl-doc
#8 71.38   libstdc++-12-doc make-doc man-browser keychain libpam-ssh monkeysphere
#8 71.38   ssh-askpass ed diffutils-doc perl-doc libterm-readline-gnu-perl
#8 71.38   | libterm-readline-perl-perl libtap-harness-archive-perl pinentry-doc
#8 71.38   python3-doc python3-tk python3-venv python-setuptools-doc python3.11-venv
#8 71.38   python3.11-doc binfmt-support readline-doc ctags vim-doc vim-scripts
#8 78.49 The following NEW packages will be installed:
#8 78.49   binutils binutils-common binutils-x86-64-linux-gnu build-essential bzip2
#8 78.49   ca-certificates cpp cpp-12 curl dirmngr dpkg-dev fakeroot fontconfig-config
#8 78.49   fonts-dejavu-core g++ g++-12 gcc gcc-12 gfortran gfortran-12 git git-man
#8 78.49   gnupg gnupg-l10n gnupg-utils gpg gpg-agent gpg-wks-client gpg-wks-server
#8 78.49   gpgconf gpgsm hdf5-helpers htop javascript-common krb5-locales less
#8 78.49   libabsl20220623 libaec-dev libaec0 libalgorithm-diff-perl
#8 78.49   libalgorithm-diff-xs-perl libalgorithm-merge-perl libaom3 libasan8
#8 78.49   libassuan0 libatomic1 libavif15 libbinutils libbrotli1 libbsd0 libc-dev-bin
#8 78.49   libc-devtools libc6-dev libcbor0.8 libcc1-0 libcrypt-dev libctf-nobfd0
#8 78.49   libctf0 libcurl3-gnutls libcurl4 libcurl4-openssl-dev libdav1d6 libde265-0
#8 78.49   libdeflate0 libdpkg-perl libedit2 liberror-perl libexpat1 libexpat1-dev
#8 78.49   libfakeroot libfido2-1 libfile-fcntllock-perl libfontconfig1 libfreetype6
#8 78.49   libgav1-1 libgcc-12-dev libgd3 libgdbm-compat4 libgdbm6 libgfortran-12-dev
#8 78.49   libgfortran5 libgomp1 libgpm2 libgprofng0 libgssapi-krb5-2 libhdf5-103-1
#8 78.49   libhdf5-cpp-103-1 libhdf5-dev libhdf5-fortran-102 libhdf5-hl-100
#8 78.49   libhdf5-hl-cpp-100 libhdf5-hl-fortran-100 libheif1 libisl23 libitm1
#8 78.49   libjansson4 libjbig0 libjpeg-dev libjpeg62-turbo libjpeg62-turbo-dev
#8 78.49   libjs-jquery libjs-sphinxdoc libjs-underscore libk5crypto3 libkeyutils1
#8 78.49   libkrb5-3 libkrb5support0 libksba8 liblapack-dev liblapack3 libldap-2.5-0
#8 78.49   libldap-common liblerc4 liblocale-gettext-perl liblsan0 libmpc3 libmpfr6
#8 78.49   libncursesw6 libnghttp2-14 libnl-3-200 libnl-genl-3-200 libnpth0 libnsl-dev
#8 78.49   libnsl2 libnuma1 libopenblas-dev libopenblas-pthread-dev libopenblas0
#8 78.49   libopenblas0-pthread libperl5.36 libpkgconf3 libpng16-16 libpsl5
#8 78.49   libpython3-dev libpython3-stdlib libpython3.11 libpython3.11-dev
#8 78.49   libpython3.11-minimal libpython3.11-stdlib libquadmath0 librav1e0
#8 78.50   libreadline8 librtmp1 libsasl2-2 libsasl2-modules libsasl2-modules-db
#8 78.50   libsodium23 libsqlite3-0 libssh2-1 libssl-dev libssl3 libstdc++-12-dev
#8 78.50   libsvtav1enc1 libsz2 libtiff6 libtirpc-common libtirpc-dev libtirpc3
#8 78.50   libtsan2 libubsan1 libwebp7 libx11-6 libx11-data libx265-199 libxau6 libxcb1
#8 78.50   libxdmcp6 libxext6 libxmuu1 libxpm4 libyuv0 linux-libc-dev make manpages
#8 78.50   manpages-dev media-types netbase openssh-client openssl patch perl
#8 78.50   perl-modules-5.36 pinentry-curses pkg-config pkgconf pkgconf-bin
#8 78.50   publicsuffix python3 python3-dev python3-distutils python3-lib2to3
#8 78.50   python3-minimal python3-pip python3-pkg-resources python3-setuptools
#8 78.50   python3-wheel python3.11 python3.11-dev python3.11-minimal readline-common
#8 78.50   rpcsvc-proto vim vim-common vim-runtime wget xauth xxd xz-utils zlib1g-dev
#8 ...

#4 [internal] load build context
#4 ...

#7 [dssat-builder 2/7] RUN apt-get update &&     apt-get install -y     ca-certificates     gfortran     cmake     && rm -rf /var/lib/apt/lists/*
#7 70.32 Get:5 http://deb.debian.org/debian stable/main amd64 openssl amd64 3.0.16-1~deb12u1 [1427 kB]
#7 72.42 Get:6 http://deb.debian.org/debian stable-updates/main amd64 ca-certificates all 20230311+deb12u1 [155 kB]
#7 73.50 Get:7 http://deb.debian.org/debian stable/main amd64 krb5-locales all 1.20.1-2+deb12u3 [63.1 kB]
#7 80.16 Get:8 http://deb.debian.org/debian stable/main amd64 manpages all 6.03-2 [1332 kB]
#7 ...

#4 [internal] load build context
#4 transferring context: 12.90MB 83.0s
#4 transferring context: 12.90MB 88.0s
#4 ...

#8 [stage-1  3/28] RUN apt-get update &&     apt-get install -y     build-essential     gfortran     libopenblas-dev     liblapack-dev     libhdf5-dev     pkg-config     git     wget     curl     vim     less     htop     python3     python3-pip     python3-dev     && rm -rf /var/lib/apt/lists/*
#8 82.80 0 upgraded, 209 newly installed, 0 to remove and 0 not upgraded.
#8 82.80 Need to get 182 MB of archives.
#8 82.80 After this operation, 796 MB of additional disk space will be used.
#8 82.80 Get:1 http://deb.debian.org/debian stable/main amd64 perl-modules-5.36 all 5.36.0-7+deb12u2 [2815 kB]
#8 ...

#4 [internal] load build context
#4 transferring context: 13.30MB 93.1s
#4 transferring context: 13.43MB 98.5s
#4 ...

#7 [dssat-builder 2/7] RUN apt-get update &&     apt-get install -y     ca-certificates     gfortran     cmake     && rm -rf /var/lib/apt/lists/*
#7 93.47 Get:9 http://deb.debian.org/debian stable/main amd64 binutils-common amd64 2.40-2 [2487 kB]
#7 102.9 Get:10 http://deb.debian.org/debian stable/main amd64 libbinutils amd64 2.40-2 [572 kB]
#7 ...

#8 [stage-1  3/28] RUN apt-get update &&     apt-get install -y     build-essential     gfortran     libopenblas-dev     liblapack-dev     libhdf5-dev     pkg-config     git     wget     curl     vim     less     htop     python3     python3-pip     python3-dev     && rm -rf /var/lib/apt/lists/*
#8 98.08 Get:2 http://deb.debian.org/debian stable/main amd64 libgdbm6 amd64 1.23-3 [72.2 kB]
#8 100.4 Get:3 http://deb.debian.org/debian stable/main amd64 libgdbm-compat4 amd64 1.23-3 [48.2 kB]
#8 ...

#4 [internal] load build context
#4 transferring context: 13.43MB 103.9s
#4 transferring context: 14.55MB 109.0s
#4 transferring context: 14.55MB 114.1s
#4 ...

#7 [dssat-builder 2/7] RUN apt-get update &&     apt-get install -y     ca-certificates     gfortran     cmake     && rm -rf /var/lib/apt/lists/*
#7 104.8 Get:11 http://deb.debian.org/debian stable/main amd64 libctf-nobfd0 amd64 2.40-2 [153 kB]
#7 105.8 Get:12 http://deb.debian.org/debian stable/main amd64 libctf0 amd64 2.40-2 [89.8 kB]
#7 107.0 Get:13 http://deb.debian.org/debian stable/main amd64 libgprofng0 amd64 2.40-2 [812 kB]
#7 108.4 Get:14 http://deb.debian.org/debian stable/main amd64 libjansson4 amd64 2.14-2 [40.8 kB]
#7 110.2 Get:15 http://deb.debian.org/debian stable/main amd64 binutils-x86-64-linux-gnu amd64 2.40-2 [2246 kB]
#7 113.7 Get:16 http://deb.debian.org/debian stable/main amd64 binutils amd64 2.40-2 [65.0 kB]
#7 ...

#4 [internal] load build context
#4 transferring context: 15.67MB 119.1s
#4 ...

#8 [stage-1  3/28] RUN apt-get update &&     apt-get install -y     build-essential     gfortran     libopenblas-dev     liblapack-dev     libhdf5-dev     pkg-config     git     wget     curl     vim     less     htop     python3     python3-pip     python3-dev     && rm -rf /var/lib/apt/lists/*
#8 123.0 Get:4 http://deb.debian.org/debian stable/main amd64 libperl5.36 amd64 5.36.0-7+deb12u2 [4207 kB]
#8 ...

#4 [internal] load build context
#4 transferring context: 16.05MB 128.0s
#4 ...

#7 [dssat-builder 2/7] RUN apt-get update &&     apt-get install -y     ca-certificates     gfortran     cmake     && rm -rf /var/lib/apt/lists/*
#7 119.2 Get:17 http://deb.debian.org/debian stable/main amd64 libicu72 amd64 72.1-3 [9376 kB]
#7 ...

#4 [internal] load build context
#4 transferring context: 16.79MB 133.0s
#4 transferring context: 16.79MB 138.3s
#4 transferring context: 16.79MB 143.4s
#4 ...

#8 [stage-1  3/28] RUN apt-get update &&     apt-get install -y     build-essential     gfortran     libopenblas-dev     liblapack-dev     libhdf5-dev     pkg-config     git     wget     curl     vim     less     htop     python3     python3-pip     python3-dev     && rm -rf /var/lib/apt/lists/*
#8 145.1 Get:5 http://deb.debian.org/debian stable/main amd64 perl amd64 5.36.0-7+deb12u2 [239 kB]
#8 ...

#4 [internal] load build context
#4 transferring context: 17.38MB 150.2s
#4 ...

#8 [stage-1  3/28] RUN apt-get update &&     apt-get install -y     build-essential     gfortran     libopenblas-dev     liblapack-dev     libhdf5-dev     pkg-config     git     wget     curl     vim     less     htop     python3     python3-pip     python3-dev     && rm -rf /var/lib/apt/lists/*
#8 151.6 Get:6 http://deb.debian.org/debian stable/main amd64 liblocale-gettext-perl amd64 1.07-5 [15.4 kB]
#8 154.5 Get:7 http://deb.debian.org/debian stable/main amd64 libssl3 amd64 3.0.16-1~deb12u1 [2026 kB]
#8 ...

#4 [internal] load build context
#4 transferring context: 17.91MB 157.0s
#4 transferring context: 17.91MB 162.1s
#4 ...

#8 [stage-1  3/28] RUN apt-get update &&     apt-get install -y     build-essential     gfortran     libopenblas-dev     liblapack-dev     libhdf5-dev     pkg-config     git     wget     curl     vim     less     htop     python3     python3-pip     python3-dev     && rm -rf /var/lib/apt/lists/*
#8 165.4 Err:8 http://deb.debian.org/debian stable/main amd64 libpython3.11-minimal amd64 3.11.2-6+deb12u6
#8 165.4   502  Bad Gateway [IP: 151.101.194.132 80]
#8 166.2 Get:9 http://deb.debian.org/debian stable/main amd64 libexpat1 amd64 2.5.0-1+deb12u1 [98.9 kB]
#8 168.0 Get:10 http://deb.debian.org/debian stable/main amd64 python3.11-minimal amd64 3.11.2-6+deb12u6 [2064 kB]
#8 ...

#4 [internal] load build context
#4 transferring context: 19.40MB 170.6s
#4 transferring context: 19.43MB 176.0s
#4 ...

#7 [dssat-builder 2/7] RUN apt-get update &&     apt-get install -y     ca-certificates     gfortran     cmake     && rm -rf /var/lib/apt/lists/*
#7 176.7 Get:18 http://deb.debian.org/debian-security stable-security/main amd64 libxml2 amd64 2.9.14+dfsg-1.3~deb12u2 [687 kB]
#7 179.8 Get:19 http://deb.debian.org/debian stable/main amd64 libarchive13 amd64 3.6.2-1+deb12u2 [343 kB]
#7 181.3 Get:20 http://deb.debian.org/debian stable/main amd64 libbrotli1 amd64 1.0.9-2+b6 [275 kB]
#7 ...

#4 [internal] load build context
#4 transferring context: 20.19MB 182.0s
#4 ...

#8 [stage-1  3/28] RUN apt-get update &&     apt-get install -y     build-essential     gfortran     libopenblas-dev     liblapack-dev     libhdf5-dev     pkg-config     git     wget     curl     vim     less     htop     python3     python3-pip     python3-dev     && rm -rf /var/lib/apt/lists/*
#8 172.7 Get:11 http://deb.debian.org/debian stable/main amd64 python3-minimal amd64 3.11.2-1+b1 [26.3 kB]
#8 178.3 Err:12 http://deb.debian.org/debian stable/main amd64 media-types all 10.0.0
#8 178.3   502  Bad Gateway [IP: 151.101.194.132 80]
#8 ...

#4 [internal] load build context
#4 transferring context: 20.94MB 187.1s
#4 transferring context: 20.95MB 192.3s
#4 ...

#7 [dssat-builder 2/7] RUN apt-get update &&     apt-get install -y     ca-certificates     gfortran     cmake     && rm -rf /var/lib/apt/lists/*
#7 187.0 Err:21 http://deb.debian.org/debian stable/main amd64 libkrb5support0 amd64 1.20.1-2+deb12u3
#7 187.0   502  Bad Gateway [IP: 151.101.194.132 80]
#7 187.9 Get:22 http://deb.debian.org/debian stable/main amd64 libk5crypto3 amd64 1.20.1-2+deb12u3 [78.9 kB]
#7 188.7 Get:23 http://deb.debian.org/debian stable/main amd64 libkeyutils1 amd64 1.6.3-2 [8808 B]
#7 190.0 Get:24 http://deb.debian.org/debian stable/main amd64 libkrb5-3 amd64 1.20.1-2+deb12u3 [332 kB]
#7 196.1 Err:25 http://deb.debian.org/debian stable/main amd64 libgssapi-krb5-2 amd64 1.20.1-2+deb12u3
#7 196.1   502  Bad Gateway [IP: 151.101.194.132 80]
#7 197.9 Get:26 http://deb.debian.org/debian stable/main amd64 libsasl2-modules-db amd64 2.1.28+dfsg-10 [20.3 kB]
#7 ...

#4 [internal] load build context
#4 transferring context: 21.84MB 197.8s
#4 transferring context: 21.92MB 203.0s
#4 ...

#7 [dssat-builder 2/7] RUN apt-get update &&     apt-get install -y     ca-certificates     gfortran     cmake     && rm -rf /var/lib/apt/lists/*
#7 205.0 Get:27 http://deb.debian.org/debian stable/main amd64 libsasl2-2 amd64 2.1.28+dfsg-10 [59.7 kB]
#7 207.1 Get:28 http://deb.debian.org/debian stable/main amd64 libldap-2.5-0 amd64 2.5.13+dfsg-5 [183 kB]
#7 209.5 Get:29 http://deb.debian.org/debian stable/main amd64 libnghttp2-14 amd64 1.52.0-1+deb12u2 [73.0 kB]
#7 ...

#4 [internal] load build context
#4 transferring context: 22.09MB 210.4s
#4 ...

#7 [dssat-builder 2/7] RUN apt-get update &&     apt-get install -y     ca-certificates     gfortran     cmake     && rm -rf /var/lib/apt/lists/*
#7 212.0 Get:30 http://deb.debian.org/debian stable/main amd64 libpsl5 amd64 0.21.2-1 [58.7 kB]
#7 213.2 Get:31 http://deb.debian.org/debian stable/main amd64 librtmp1 amd64 2.4+20151223.gitfa8646d.1-2+b2 [60.8 kB]
#7 214.3 Get:32 http://deb.debian.org/debian stable/main amd64 libssh2-1 amd64 1.10.0-3+b1 [179 kB]
#7 ...

#4 [internal] load build context
#4 transferring context: 23.37MB 217.2s
#4 ...

#7 [dssat-builder 2/7] RUN apt-get update &&     apt-get install -y     ca-certificates     gfortran     cmake     && rm -rf /var/lib/apt/lists/*
#7 217.6 Get:33 http://deb.debian.org/debian stable/main amd64 libcurl4 amd64 7.88.1-10+deb12u12 [391 kB]
#7 219.2 Get:34 http://deb.debian.org/debian stable/main amd64 libexpat1 amd64 2.5.0-1+deb12u1 [98.9 kB]
#7 ...

#8 [stage-1  3/28] RUN apt-get update &&     apt-get install -y     build-essential     gfortran     libopenblas-dev     liblapack-dev     libhdf5-dev     pkg-config     git     wget     curl     vim     less     htop     python3     python3-pip     python3-dev     && rm -rf /var/lib/apt/lists/*
#8 209.5 Get:13 http://deb.debian.org/debian stable/main amd64 libncursesw6 amd64 6.4-4 [134 kB]
#8 212.0 Get:14 http://deb.debian.org/debian stable/main amd64 libkrb5support0 amd64 1.20.1-2+deb12u3 [32.8 kB]
#8 213.2 Get:15 http://deb.debian.org/debian stable/main amd64 libk5crypto3 amd64 1.20.1-2+deb12u3 [78.9 kB]
#8 214.1 Get:16 http://deb.debian.org/debian stable/main amd64 libkeyutils1 amd64 1.6.3-2 [8808 B]
#8 216.7 Get:17 http://deb.debian.org/debian stable/main amd64 libkrb5-3 amd64 1.20.1-2+deb12u3 [332 kB]
#8 218.1 Get:18 http://deb.debian.org/debian stable/main amd64 libgssapi-krb5-2 amd64 1.20.1-2+deb12u3 [135 kB]
#8 ...

#4 [internal] load build context
#4 transferring context: 23.73MB 222.3s
#4 transferring context: 24.91MB 227.3s
#4 ...

#8 [stage-1  3/28] RUN apt-get update &&     apt-get install -y     build-essential     gfortran     libopenblas-dev     liblapack-dev     libhdf5-dev     pkg-config     git     wget     curl     vim     less     htop     python3     python3-pip     python3-dev     && rm -rf /var/lib/apt/lists/*
#8 219.8 Get:19 http://deb.debian.org/debian stable/main amd64 libtirpc-common all 1.3.3+ds-1 [14.0 kB]
#8 221.4 Get:20 http://deb.debian.org/debian stable/main amd64 libtirpc3 amd64 1.3.3+ds-1 [85.2 kB]
#8 224.3 Get:21 http://deb.debian.org/debian stable/main amd64 libnsl2 amd64 1.3.0-2 [39.5 kB]
#8 225.3 Get:22 http://deb.debian.org/debian stable/main amd64 readline-common all 8.2-1.3 [69.0 kB]
#8 226.5 Get:23 http://deb.debian.org/debian stable/main amd64 libreadline8 amd64 8.2-1.3 [166 kB]
#8 227.9 Get:24 http://deb.debian.org/debian stable/main amd64 libsqlite3-0 amd64 3.40.1-2+deb12u1 [839 kB]
#8 ...

#4 [internal] load build context
#4 ...

#7 [dssat-builder 2/7] RUN apt-get update &&     apt-get install -y     ca-certificates     gfortran     cmake     && rm -rf /var/lib/apt/lists/*
#7 221.4 Get:35 http://deb.debian.org/debian stable/main amd64 libjsoncpp25 amd64 1.9.5-4 [78.6 kB]
#7 224.7 Get:36 http://deb.debian.org/debian stable/main amd64 librhash0 amd64 1.4.3-3 [134 kB]
#7 226.0 Get:37 http://deb.debian.org/debian stable/main amd64 libuv1 amd64 1.44.2-1+deb12u1 [136 kB]
#7 228.4 Get:38 http://deb.debian.org/debian stable/main amd64 cmake-data all 3.25.1-1 [2026 kB]
#7 ...

#4 [internal] load build context
#4 transferring context: 25.19MB 232.4s
#4 transferring context: 25.83MB 237.5s
#4 ...

#8 [stage-1  3/28] RUN apt-get update &&     apt-get install -y     build-essential     gfortran     libopenblas-dev     liblapack-dev     libhdf5-dev     pkg-config     git     wget     curl     vim     less     htop     python3     python3-pip     python3-dev     && rm -rf /var/lib/apt/lists/*
#8 232.3 Get:25 http://deb.debian.org/debian stable/main amd64 libpython3.11-stdlib amd64 3.11.2-6+deb12u6 [1798 kB]
#8 235.2 Get:26 http://deb.debian.org/debian stable/main amd64 python3.11 amd64 3.11.2-6+deb12u6 [573 kB]
#8 236.2 Get:27 http://deb.debian.org/debian stable/main amd64 libpython3-stdlib amd64 3.11.2-1+b1 [9312 B]
#8 237.8 Get:28 http://deb.debian.org/debian stable/main amd64 python3 amd64 3.11.2-1+b1 [26.3 kB]
#8 239.9 Get:29 http://deb.debian.org/debian stable/main amd64 less amd64 590-2.1~deb12u2 [132 kB]
#8 241.2 Get:30 http://deb.debian.org/debian stable/main amd64 netbase all 6.4 [12.8 kB]
#8 241.8 Get:31 http://deb.debian.org/debian stable/main amd64 vim-common all 2:9.0.1378-2+deb12u2 [125 kB]
#8 ...

#4 [internal] load build context
#4 transferring context: 29.03MB 242.6s
#4 transferring context: 33.03MB 247.8s
#4 transferring context: 34.20MB 252.8s
#4 ...

#8 [stage-1  3/28] RUN apt-get update &&     apt-get install -y     build-essential     gfortran     libopenblas-dev     liblapack-dev     libhdf5-dev     pkg-config     git     wget     curl     vim     less     htop     python3     python3-pip     python3-dev     && rm -rf /var/lib/apt/lists/*
#8 242.9 Get:32 http://deb.debian.org/debian stable/main amd64 bzip2 amd64 1.0.8-5+b1 [49.8 kB]
#8 244.3 Get:33 http://deb.debian.org/debian stable/main amd64 openssl amd64 3.0.16-1~deb12u1 [1427 kB]
#8 246.5 Get:34 http://deb.debian.org/debian stable-updates/main amd64 ca-certificates all 20230311+deb12u1 [155 kB]
#8 248.1 Get:35 http://deb.debian.org/debian stable/main amd64 krb5-locales all 1.20.1-2+deb12u3 [63.1 kB]
#8 249.6 Get:36 http://deb.debian.org/debian stable/main amd64 manpages all 6.03-2 [1332 kB]
#8 251.0 Get:37 http://deb.debian.org/debian stable/main amd64 libbsd0 amd64 0.11.7-2 [117 kB]
#8 252.0 Get:38 http://deb.debian.org/debian stable/main amd64 libedit2 amd64 3.1-20221030-2 [93.0 kB]
#8 252.8 Get:39 http://deb.debian.org/debian stable/main amd64 libcbor0.8 amd64 0.8.0-2+b1 [27.4 kB]
#8 ...

#4 [internal] load build context
#4 transferring context: 37.83MB 257.9s
#4 transferring context: 39.37MB 262.9s
#4 ...

#8 [stage-1  3/28] RUN apt-get update &&     apt-get install -y     build-essential     gfortran     libopenblas-dev     liblapack-dev     libhdf5-dev     pkg-config     git     wget     curl     vim     less     htop     python3     python3-pip     python3-dev     && rm -rf /var/lib/apt/lists/*
#8 253.7 Get:40 http://deb.debian.org/debian stable/main amd64 libfido2-1 amd64 1.12.0-2+b1 [77.2 kB]
#8 255.7 Get:41 http://deb.debian.org/debian stable/main amd64 openssh-client amd64 1:9.2p1-2+deb12u6 [992 kB]
#8 257.4 Get:42 http://deb.debian.org/debian stable/main amd64 libpsl5 amd64 0.21.2-1 [58.7 kB]
#8 ...

#4 [internal] load build context
#4 transferring context: 41.09MB 267.9s
#4 transferring context: 54.85MB 273.0s
#4 ...

#8 [stage-1  3/28] RUN apt-get update &&     apt-get install -y     build-essential     gfortran     libopenblas-dev     liblapack-dev     libhdf5-dev     pkg-config     git     wget     curl     vim     less     htop     python3     python3-pip     python3-dev     && rm -rf /var/lib/apt/lists/*
#8 264.2 Get:43 http://deb.debian.org/debian stable/main amd64 wget amd64 1.21.3-1+deb12u1 [937 kB]
#8 266.0 Get:44 http://deb.debian.org/debian stable/main amd64 xz-utils amd64 5.4.1-1 [471 kB]
#8 ...

#4 [internal] load build context
#4 transferring context: 55.96MB 278.3s
#4 transferring context: 56.19MB 283.5s
#4 ...

#8 [stage-1  3/28] RUN apt-get update &&     apt-get install -y     build-essential     gfortran     libopenblas-dev     liblapack-dev     libhdf5-dev     pkg-config     git     wget     curl     vim     less     htop     python3     python3-pip     python3-dev     && rm -rf /var/lib/apt/lists/*
#8 277.5 Get:45 http://deb.debian.org/debian stable/main amd64 binutils-common amd64 2.40-2 [2487 kB]
#8 285.1 Get:46 http://deb.debian.org/debian stable/main amd64 libbinutils amd64 2.40-2 [572 kB]
#8 286.4 Get:47 http://deb.debian.org/debian stable/main amd64 libctf-nobfd0 amd64 2.40-2 [153 kB]
#8 287.2 Get:48 http://deb.debian.org/debian stable/main amd64 libctf0 amd64 2.40-2 [89.8 kB]
#8 ...

#4 [internal] load build context
#4 transferring context: 57.15MB 288.5s
#4 transferring context: 58.40MB 293.6s
#4 ...

#8 [stage-1  3/28] RUN apt-get update &&     apt-get install -y     build-essential     gfortran     libopenblas-dev     liblapack-dev     libhdf5-dev     pkg-config     git     wget     curl     vim     less     htop     python3     python3-pip     python3-dev     && rm -rf /var/lib/apt/lists/*
#8 288.7 Get:49 http://deb.debian.org/debian stable/main amd64 libgprofng0 amd64 2.40-2 [812 kB]
#8 289.8 Get:50 http://deb.debian.org/debian stable/main amd64 libjansson4 amd64 2.14-2 [40.8 kB]
#8 ...

#7 [dssat-builder 2/7] RUN apt-get update &&     apt-get install -y     ca-certificates     gfortran     cmake     && rm -rf /var/lib/apt/lists/*
#7 292.1 Ign:39 http://deb.debian.org/debian stable/main amd64 cmake amd64 3.25.1-1
#7 297.2 Get:40 http://deb.debian.org/debian stable/main amd64 libisl23 amd64 0.25-1.1 [683 kB]
#7 ...

#4 [internal] load build context
#4 transferring context: 59.98MB 298.8s
#4 transferring context: 62.97MB 303.9s
#4 transferring context: 63.79MB 308.9s
#4 ...

#8 [stage-1  3/28] RUN apt-get update &&     apt-get install -y     build-essential     gfortran     libopenblas-dev     liblapack-dev     libhdf5-dev     pkg-config     git     wget     curl     vim     less     htop     python3     python3-pip     python3-dev     && rm -rf /var/lib/apt/lists/*
#8 299.1 Get:51 http://deb.debian.org/debian stable/main amd64 binutils-x86-64-linux-gnu amd64 2.40-2 [2246 kB]
#8 302.6 Get:52 http://deb.debian.org/debian stable/main amd64 binutils amd64 2.40-2 [65.0 kB]
#8 303.6 Get:53 http://deb.debian.org/debian stable/main amd64 libc-dev-bin amd64 2.36-9+deb12u10 [47.1 kB]
#8 307.9 Get:54 http://deb.debian.org/debian-security stable-security/main amd64 linux-libc-dev amd64 6.1.140-1 [2145 kB]
#8 ...

#4 [internal] load build context
#4 ...

#7 [dssat-builder 2/7] RUN apt-get update &&     apt-get install -y     ca-certificates     gfortran     cmake     && rm -rf /var/lib/apt/lists/*
#7 302.3 Get:41 http://deb.debian.org/debian stable/main amd64 libmpfr6 amd64 4.2.0-1 [701 kB]
#7 303.2 Get:42 http://deb.debian.org/debian stable/main amd64 libmpc3 amd64 1.3.1-1 [51.5 kB]
#7 309.3 Get:43 http://deb.debian.org/debian stable/main amd64 cpp-12 amd64 12.2.0-14+deb12u1 [9768 kB]
#7 ...

#8 [stage-1  3/28] RUN apt-get update &&     apt-get install -y     build-essential     gfortran     libopenblas-dev     liblapack-dev     libhdf5-dev     pkg-config     git     wget     curl     vim     less     htop     python3     python3-pip     python3-dev     && rm -rf /var/lib/apt/lists/*
#8 311.4 Get:55 http://deb.debian.org/debian stable/main amd64 libcrypt-dev amd64 1:4.4.33-2 [118 kB]
#8 312.8 Get:56 http://deb.debian.org/debian stable/main amd64 libtirpc-dev amd64 1.3.3+ds-1 [191 kB]
#8 314.2 Get:57 http://deb.debian.org/debian stable/main amd64 libnsl-dev amd64 1.3.0-2 [66.4 kB]
#8 315.1 Get:58 http://deb.debian.org/debian stable/main amd64 rpcsvc-proto amd64 1.4.3-1 [63.3 kB]
#8 ...

#4 [internal] load build context
#4 transferring context: 65.16MB 316.7s
#4 transferring context: 66.88MB 321.8s
#4 ...

#8 [stage-1  3/28] RUN apt-get update &&     apt-get install -y     build-essential     gfortran     libopenblas-dev     liblapack-dev     libhdf5-dev     pkg-config     git     wget     curl     vim     less     htop     python3     python3-pip     python3-dev     && rm -rf /var/lib/apt/lists/*
#8 322.0 Get:59 http://deb.debian.org/debian stable/main amd64 libc6-dev amd64 2.36-9+deb12u10 [1903 kB]
#8 325.0 Get:60 http://deb.debian.org/debian stable/main amd64 libisl23 amd64 0.25-1.1 [683 kB]
#8 ...

#7 [dssat-builder 2/7] RUN apt-get update &&     apt-get install -y     ca-certificates     gfortran     cmake     && rm -rf /var/lib/apt/lists/*
#7 315.4 Get:44 http://deb.debian.org/debian stable/main amd64 cpp amd64 4:12.2.0-3 [6836 B]
#7 316.8 Get:45 http://deb.debian.org/debian stable/main amd64 fonts-dejavu-core all 2.37-6 [1068 kB]
#7 318.7 Get:46 http://deb.debian.org/debian stable/main amd64 fontconfig-config amd64 2.14.1-4 [315 kB]
#7 319.6 Get:47 http://deb.debian.org/debian stable/main amd64 libcc1-0 amd64 12.2.0-14+deb12u1 [41.7 kB]
#7 320.4 Get:48 http://deb.debian.org/debian stable/main amd64 libgomp1 amd64 12.2.0-14+deb12u1 [116 kB]
#7 321.0 Get:49 http://deb.debian.org/debian stable/main amd64 libitm1 amd64 12.2.0-14+deb12u1 [26.1 kB]
#7 321.7 Get:50 http://deb.debian.org/debian stable/main amd64 libatomic1 amd64 12.2.0-14+deb12u1 [9376 B]
#7 ...

#4 [internal] load build context
#4 transferring context: 68.37MB 326.9s
#4 transferring context: 69.39MB 332.1s
#4 ...

#7 [dssat-builder 2/7] RUN apt-get update &&     apt-get install -y     ca-certificates     gfortran     cmake     && rm -rf /var/lib/apt/lists/*
#7 333.0 Get:51 http://deb.debian.org/debian stable/main amd64 libasan8 amd64 12.2.0-14+deb12u1 [2193 kB]
#7 ...

#8 [stage-1  3/28] RUN apt-get update &&     apt-get install -y     build-essential     gfortran     libopenblas-dev     liblapack-dev     libhdf5-dev     pkg-config     git     wget     curl     vim     less     htop     python3     python3-pip     python3-dev     && rm -rf /var/lib/apt/lists/*
#8 326.5 Get:61 http://deb.debian.org/debian stable/main amd64 libmpfr6 amd64 4.2.0-1 [701 kB]
#8 327.3 Get:62 http://deb.debian.org/debian stable/main amd64 libmpc3 amd64 1.3.1-1 [51.5 kB]
#8 331.1 Get:63 http://deb.debian.org/debian stable/main amd64 cpp-12 amd64 12.2.0-14+deb12u1 [9768 kB]
#8 336.2 Get:64 http://deb.debian.org/debian stable/main amd64 cpp amd64 4:12.2.0-3 [6836 B]
#8 ...

#4 [internal] load build context
#4 transferring context: 69.87MB 337.1s
#4 transferring context: 78.78MB 342.2s
#4 ...

#8 [stage-1  3/28] RUN apt-get update &&     apt-get install -y     build-essential     gfortran     libopenblas-dev     liblapack-dev     libhdf5-dev     pkg-config     git     wget     curl     vim     less     htop     python3     python3-pip     python3-dev     && rm -rf /var/lib/apt/lists/*
#8 336.9 Get:65 http://deb.debian.org/debian stable/main amd64 libcc1-0 amd64 12.2.0-14+deb12u1 [41.7 kB]
#8 337.6 Get:66 http://deb.debian.org/debian stable/main amd64 libgomp1 amd64 12.2.0-14+deb12u1 [116 kB]
#8 338.2 Get:67 http://deb.debian.org/debian stable/main amd64 libitm1 amd64 12.2.0-14+deb12u1 [26.1 kB]
#8 338.9 Get:68 http://deb.debian.org/debian stable/main amd64 libatomic1 amd64 12.2.0-14+deb12u1 [9376 B]
#8 340.6 Get:69 http://deb.debian.org/debian stable/main amd64 libasan8 amd64 12.2.0-14+deb12u1 [2193 kB]
#8 343.9 Get:70 http://deb.debian.org/debian stable/main amd64 liblsan0 amd64 12.2.0-14+deb12u1 [969 kB]
#8 346.3 Get:71 http://deb.debian.org/debian stable/main amd64 libtsan2 amd64 12.2.0-14+deb12u1 [2197 kB]
#8 ...

#4 [internal] load build context
#4 transferring context: 80.34MB 347.2s
#4 ...

#7 [dssat-builder 2/7] RUN apt-get update &&     apt-get install -y     ca-certificates     gfortran     cmake     && rm -rf /var/lib/apt/lists/*
#7 338.0 Get:52 http://deb.debian.org/debian stable/main amd64 liblsan0 amd64 12.2.0-14+deb12u1 [969 kB]
#7 341.3 Get:53 http://deb.debian.org/debian stable/main amd64 libtsan2 amd64 12.2.0-14+deb12u1 [2197 kB]
#7 343.8 Get:54 http://deb.debian.org/debian stable/main amd64 libubsan1 amd64 12.2.0-14+deb12u1 [883 kB]
#7 345.5 Get:55 http://deb.debian.org/debian stable/main amd64 libquadmath0 amd64 12.2.0-14+deb12u1 [145 kB]
#7 ...

#4 [internal] load build context
#4 transferring context: 82.81MB 352.3s
#4 transferring context: 86.05MB 357.4s
#4 ...

#8 [stage-1  3/28] RUN apt-get update &&     apt-get install -y     build-essential     gfortran     libopenblas-dev     liblapack-dev     libhdf5-dev     pkg-config     git     wget     curl     vim     less     htop     python3     python3-pip     python3-dev     && rm -rf /var/lib/apt/lists/*
#8 348.5 Get:72 http://deb.debian.org/debian stable/main amd64 libubsan1 amd64 12.2.0-14+deb12u1 [883 kB]
#8 349.3 Get:73 http://deb.debian.org/debian stable/main amd64 libquadmath0 amd64 12.2.0-14+deb12u1 [145 kB]
#8 ...

#4 [internal] load build context
#4 ...

#7 [dssat-builder 2/7] RUN apt-get update &&     apt-get install -y     ca-certificates     gfortran     cmake     && rm -rf /var/lib/apt/lists/*
#7 350.8 Get:56 http://deb.debian.org/debian stable/main amd64 libgcc-12-dev amd64 12.2.0-14+deb12u1 [2437 kB]
#7 360.0 Get:57 http://deb.debian.org/debian stable/main amd64 gcc-12 amd64 12.2.0-14+deb12u1 [19.3 MB]
#7 ...

#8 [stage-1  3/28] RUN apt-get update &&     apt-get install -y     build-essential     gfortran     libopenblas-dev     liblapack-dev     libhdf5-dev     pkg-config     git     wget     curl     vim     less     htop     python3     python3-pip     python3-dev     && rm -rf /var/lib/apt/lists/*
#8 360.3 Get:74 http://deb.debian.org/debian stable/main amd64 libgcc-12-dev amd64 12.2.0-14+deb12u1 [2437 kB]
#8 ...

#4 [internal] load build context
#4 transferring context: 88.85MB 365.4s
#4 ...

#7 [dssat-builder 2/7] RUN apt-get update &&     apt-get install -y     ca-certificates     gfortran     cmake     && rm -rf /var/lib/apt/lists/*
#7 368.1 Get:58 http://deb.debian.org/debian stable/main amd64 gcc amd64 4:12.2.0-3 [5216 B]
#7 369.4 Get:59 http://deb.debian.org/debian stable/main amd64 libgfortran5 amd64 12.2.0-14+deb12u1 [793 kB]
#7 371.1 Get:60 http://deb.debian.org/debian stable/main amd64 libgfortran-12-dev amd64 12.2.0-14+deb12u1 [834 kB]
#7 372.4 Get:61 http://deb.debian.org/debian stable/main amd64 libc-dev-bin amd64 2.36-9+deb12u10 [47.1 kB]
#7 ...

#4 [internal] load build context
#4 transferring context: 90.17MB 373.4s
#4 ...

#7 [dssat-builder 2/7] RUN apt-get update &&     apt-get install -y     ca-certificates     gfortran     cmake     && rm -rf /var/lib/apt/lists/*
#7 376.1 Get:62 http://deb.debian.org/debian-security stable-security/main amd64 linux-libc-dev amd64 6.1.140-1 [2145 kB]
#7 378.1 Get:63 http://deb.debian.org/debian stable/main amd64 libcrypt-dev amd64 1:4.4.33-2 [118 kB]
#7 378.8 Get:64 http://deb.debian.org/debian stable/main amd64 libtirpc-common all 1.3.3+ds-1 [14.0 kB]
#7 ...

#8 [stage-1  3/28] RUN apt-get update &&     apt-get install -y     build-essential     gfortran     libopenblas-dev     liblapack-dev     libhdf5-dev     pkg-config     git     wget     curl     vim     less     htop     python3     python3-pip     python3-dev     && rm -rf /var/lib/apt/lists/*
#8 368.8 Get:75 http://deb.debian.org/debian stable/main amd64 gcc-12 amd64 12.2.0-14+deb12u1 [19.3 MB]
#8 376.0 Get:76 http://deb.debian.org/debian stable/main amd64 gcc amd64 4:12.2.0-3 [5216 B]
#8 ...

#4 [internal] load build context
#4 transferring context: 91.63MB 378.8s
#4 ...

#8 [stage-1  3/28] RUN apt-get update &&     apt-get install -y     build-essential     gfortran     libopenblas-dev     liblapack-dev     libhdf5-dev     pkg-config     git     wget     curl     vim     less     htop     python3     python3-pip     python3-dev     && rm -rf /var/lib/apt/lists/*
#8 383.7 Get:77 http://deb.debian.org/debian stable/main amd64 libstdc++-12-dev amd64 12.2.0-14+deb12u1 [2047 kB]
#8 387.7 Get:78 http://deb.debian.org/debian stable/main amd64 g++-12 amd64 12.2.0-14+deb12u1 [10.7 MB]
#8 ...

#4 [internal] load build context
#4 transferring context: 98.64MB 388.9s
#4 ...

#7 [dssat-builder 2/7] RUN apt-get update &&     apt-get install -y     ca-certificates     gfortran     cmake     && rm -rf /var/lib/apt/lists/*
#7 379.7 Get:65 http://deb.debian.org/debian stable/main amd64 libtirpc3 amd64 1.3.3+ds-1 [85.2 kB]
#7 381.2 Get:66 http://deb.debian.org/debian stable/main amd64 libnsl2 amd64 1.3.0-2 [39.5 kB]
#7 383.3 Get:67 http://deb.debian.org/debian stable/main amd64 libtirpc-dev amd64 1.3.3+ds-1 [191 kB]
#7 384.6 Get:68 http://deb.debian.org/debian stable/main amd64 libnsl-dev amd64 1.3.0-2 [66.4 kB]
#7 385.2 Get:69 http://deb.debian.org/debian stable/main amd64 rpcsvc-proto amd64 1.4.3-1 [63.3 kB]
#7 ...

#4 [internal] load build context
#4 transferring context: 101.70MB 394.0s
#4 transferring context: 105.79MB 399.0s
#4 ...

#8 [stage-1  3/28] RUN apt-get update &&     apt-get install -y     build-essential     gfortran     libopenblas-dev     liblapack-dev     libhdf5-dev     pkg-config     git     wget     curl     vim     less     htop     python3     python3-pip     python3-dev     && rm -rf /var/lib/apt/lists/*
#8 391.1 Get:79 http://deb.debian.org/debian stable/main amd64 g++ amd64 4:12.2.0-3 [1356 B]
#8 391.7 Get:80 http://deb.debian.org/debian stable/main amd64 make amd64 4.3-4.1 [396 kB]
#8 393.0 Get:81 http://deb.debian.org/debian stable/main amd64 libdpkg-perl all 1.21.22 [603 kB]
#8 393.8 Get:82 http://deb.debian.org/debian stable/main amd64 patch amd64 2.7.6-7 [128 kB]
#8 395.8 Get:83 http://deb.debian.org/debian stable/main amd64 dpkg-dev all 1.21.22 [1353 kB]
#8 396.7 Get:84 http://deb.debian.org/debian stable/main amd64 build-essential amd64 12.9 [7704 B]
#8 397.7 Get:85 http://deb.debian.org/debian stable/main amd64 libbrotli1 amd64 1.0.9-2+b6 [275 kB]
#8 398.4 Get:86 http://deb.debian.org/debian stable/main amd64 libsasl2-modules-db amd64 2.1.28+dfsg-10 [20.3 kB]
#8 399.3 Get:87 http://deb.debian.org/debian stable/main amd64 libsasl2-2 amd64 2.1.28+dfsg-10 [59.7 kB]
#8 400.6 Get:88 http://deb.debian.org/debian stable/main amd64 libldap-2.5-0 amd64 2.5.13+dfsg-5 [183 kB]
#8 ...

#4 [internal] load build context
#4 ...

#7 [dssat-builder 2/7] RUN apt-get update &&     apt-get install -y     ca-certificates     gfortran     cmake     && rm -rf /var/lib/apt/lists/*
#7 391.9 Get:70 http://deb.debian.org/debian stable/main amd64 libc6-dev amd64 2.36-9+deb12u10 [1903 kB]
#7 397.9 Get:71 http://deb.debian.org/debian stable/main amd64 gfortran-12 amd64 12.2.0-14+deb12u1 [10.2 MB]
#7 401.4 Get:72 http://deb.debian.org/debian stable/main amd64 gfortran amd64 4:12.2.0-3 [1428 B]
#7 ...

#4 [internal] load build context
#4 transferring context: 108.37MB 404.1s
#4 transferring context: 111.63MB 409.2s
#4 ...

#8 [stage-1  3/28] RUN apt-get update &&     apt-get install -y     build-essential     gfortran     libopenblas-dev     liblapack-dev     libhdf5-dev     pkg-config     git     wget     curl     vim     less     htop     python3     python3-pip     python3-dev     && rm -rf /var/lib/apt/lists/*
#8 401.3 Get:89 http://deb.debian.org/debian stable/main amd64 libnghttp2-14 amd64 1.52.0-1+deb12u2 [73.0 kB]
#8 402.1 Get:90 http://deb.debian.org/debian stable/main amd64 librtmp1 amd64 2.4+20151223.gitfa8646d.1-2+b2 [60.8 kB]
#8 403.1 Get:91 http://deb.debian.org/debian stable/main amd64 libssh2-1 amd64 1.10.0-3+b1 [179 kB]
#8 404.4 Get:92 http://deb.debian.org/debian stable/main amd64 libcurl4 amd64 7.88.1-10+deb12u12 [391 kB]
#8 405.8 Get:93 http://deb.debian.org/debian stable/main amd64 curl amd64 7.88.1-10+deb12u12 [315 kB]
#8 406.5 Get:94 http://deb.debian.org/debian stable/main amd64 libassuan0 amd64 2.5.5-5 [48.5 kB]
#8 407.7 Get:95 http://deb.debian.org/debian stable/main amd64 gpgconf amd64 2.2.40-1.1 [564 kB]
#8 409.1 Get:96 http://deb.debian.org/debian stable/main amd64 libksba8 amd64 1.6.3-2 [128 kB]
#8 409.8 Get:97 http://deb.debian.org/debian stable/main amd64 libnpth0 amd64 1.6-3 [19.0 kB]
#8 410.8 Get:98 http://deb.debian.org/debian stable/main amd64 dirmngr amd64 2.2.40-1.1 [792 kB]
#8 ...

#4 [internal] load build context
#4 ...

#7 [dssat-builder 2/7] RUN apt-get update &&     apt-get install -y     ca-certificates     gfortran     cmake     && rm -rf /var/lib/apt/lists/*
#7 402.5 Get:73 http://deb.debian.org/debian stable/main amd64 libabsl20220623 amd64 20220623.1-1+deb12u2 [391 kB]
#7 404.7 Get:74 http://deb.debian.org/debian stable/main amd64 libaom3 amd64 3.6.0-1+deb12u1 [1851 kB]
#7 406.4 Get:75 http://deb.debian.org/debian stable/main amd64 libdav1d6 amd64 1.0.0-2+deb12u1 [513 kB]
#7 407.5 Get:76 http://deb.debian.org/debian stable/main amd64 libgav1-1 amd64 0.18.0-1+b1 [332 kB]
#7 409.1 Get:77 http://deb.debian.org/debian stable/main amd64 librav1e0 amd64 0.5.1-6 [763 kB]
#7 ...

#4 [internal] load build context
#4 transferring context: 119.29MB 414.3s
#4 transferring context: 125.15MB 419.3s
#4 ...

#8 [stage-1  3/28] RUN apt-get update &&     apt-get install -y     build-essential     gfortran     libopenblas-dev     liblapack-dev     libhdf5-dev     pkg-config     git     wget     curl     vim     less     htop     python3     python3-pip     python3-dev     && rm -rf /var/lib/apt/lists/*
#8 411.8 Get:99 http://deb.debian.org/debian stable/main amd64 libfakeroot amd64 1.31-1.2 [28.3 kB]
#8 412.6 Get:100 http://deb.debian.org/debian stable/main amd64 fakeroot amd64 1.31-1.2 [66.9 kB]
#8 414.0 Get:101 http://deb.debian.org/debian stable/main amd64 fonts-dejavu-core all 2.37-6 [1068 kB]
#8 415.2 Get:102 http://deb.debian.org/debian stable/main amd64 fontconfig-config amd64 2.14.1-4 [315 kB]
#8 416.5 Get:103 http://deb.debian.org/debian stable/main amd64 libgfortran5 amd64 12.2.0-14+deb12u1 [793 kB]
#8 418.3 Get:104 http://deb.debian.org/debian stable/main amd64 libgfortran-12-dev amd64 12.2.0-14+deb12u1 [834 kB]
#8 ...

#4 [internal] load build context
#4 ...

#7 [dssat-builder 2/7] RUN apt-get update &&     apt-get install -y     ca-certificates     gfortran     cmake     && rm -rf /var/lib/apt/lists/*
#7 412.9 Get:78 http://deb.debian.org/debian stable/main amd64 libsvtav1enc1 amd64 1.4.1+dfsg-1 [2121 kB]
#7 414.4 Get:79 http://deb.debian.org/debian stable/main amd64 libjpeg62-turbo amd64 1:2.1.5-2 [166 kB]
#7 415.4 Get:80 http://deb.debian.org/debian stable/main amd64 libyuv0 amd64 0.0~git20230123.b2528b0-1 [168 kB]
#7 416.2 Get:81 http://deb.debian.org/debian-security stable-security/main amd64 libavif15 amd64 0.11.1-1+deb12u1 [94.4 kB]
#7 417.6 Get:82 http://deb.debian.org/debian stable/main amd64 libbsd0 amd64 0.11.7-2 [117 kB]
#7 418.8 Get:83 http://deb.debian.org/debian stable/main amd64 libpng16-16 amd64 1.6.39-2 [276 kB]
#7 419.9 Get:84 http://deb.debian.org/debian stable/main amd64 libfreetype6 amd64 2.12.1+dfsg-5+deb12u4 [398 kB]
#7 421.3 Get:85 http://deb.debian.org/debian stable/main amd64 libfontconfig1 amd64 2.14.1-4 [386 kB]
#7 422.3 Get:86 http://deb.debian.org/debian stable/main amd64 libde265-0 amd64 1.0.11-1+deb12u2 [185 kB]
#7 423.2 Get:87 http://deb.debian.org/debian stable/main amd64 libnuma1 amd64 2.0.16-1 [21.0 kB]
#7 ...

#4 [internal] load build context
#4 transferring context: 135.45MB 424.4s
#4 transferring context: 136.33MB 429.6s
#4 ...

#8 [stage-1  3/28] RUN apt-get update &&     apt-get install -y     build-essential     gfortran     libopenblas-dev     liblapack-dev     libhdf5-dev     pkg-config     git     wget     curl     vim     less     htop     python3     python3-pip     python3-dev     && rm -rf /var/lib/apt/lists/*
#8 422.5 Get:105 http://deb.debian.org/debian stable/main amd64 gfortran-12 amd64 12.2.0-14+deb12u1 [10.2 MB]
#8 426.6 Get:106 http://deb.debian.org/debian stable/main amd64 gfortran amd64 4:12.2.0-3 [1428 B]
#8 427.6 Get:107 http://deb.debian.org/debian stable/main amd64 libcurl3-gnutls amd64 7.88.1-10+deb12u12 [386 kB]
#8 428.2 Get:108 http://deb.debian.org/debian stable/main amd64 liberror-perl all 0.17029-2 [29.0 kB]
#8 429.4 Get:109 http://deb.debian.org/debian stable/main amd64 git-man all 1:2.39.5-0+deb12u2 [2053 kB]
#8 ...

#4 [internal] load build context
#4 transferring context: 137.00MB 434.7s
#4 ...

#7 [dssat-builder 2/7] RUN apt-get update &&     apt-get install -y     ca-certificates     gfortran     cmake     && rm -rf /var/lib/apt/lists/*
#7 427.1 Get:88 http://deb.debian.org/debian stable/main amd64 libx265-199 amd64 3.5-2+b1 [1150 kB]
#7 428.2 Get:89 http://deb.debian.org/debian stable/main amd64 libheif1 amd64 1.15.1-1+deb12u1 [215 kB]
#7 428.9 Get:90 http://deb.debian.org/debian stable/main amd64 libdeflate0 amd64 1.14-1 [61.4 kB]
#7 429.5 Get:91 http://deb.debian.org/debian stable/main amd64 libjbig0 amd64 2.1-6.1 [31.7 kB]
#7 430.5 Get:92 http://deb.debian.org/debian stable/main amd64 liblerc4 amd64 4.0.0+ds-2 [170 kB]
#7 431.5 Get:93 http://deb.debian.org/debian stable/main amd64 libwebp7 amd64 1.2.4-0.2+deb12u1 [286 kB]
#7 433.0 Get:94 http://deb.debian.org/debian stable/main amd64 libtiff6 amd64 4.5.0-6+deb12u2 [316 kB]
#7 434.4 Get:95 http://deb.debian.org/debian stable/main amd64 libxau6 amd64 1:1.0.9-1 [19.7 kB]
#7 435.0 Get:96 http://deb.debian.org/debian stable/main amd64 libxdmcp6 amd64 1:1.1.2-3 [26.3 kB]
#7 435.9 Get:97 http://deb.debian.org/debian stable/main amd64 libxcb1 amd64 1.15-1 [144 kB]
#7 437.0 Get:98 http://deb.debian.org/debian stable/main amd64 libx11-data all 2:1.8.4-2+deb12u2 [292 kB]
#7 ...

#4 [internal] load build context
#4 transferring context: 146.25MB 439.7s
#4 ...

#8 [stage-1  3/28] RUN apt-get update &&     apt-get install -y     build-essential     gfortran     libopenblas-dev     liblapack-dev     libhdf5-dev     pkg-config     git     wget     curl     vim     less     htop     python3     python3-pip     python3-dev     && rm -rf /var/lib/apt/lists/*
#8 432.9 Get:110 http://deb.debian.org/debian stable/main amd64 git amd64 1:2.39.5-0+deb12u2 [7260 kB]
#8 436.4 Get:111 http://deb.debian.org/debian stable/main amd64 gnupg-l10n all 2.2.40-1.1 [1093 kB]
#8 438.0 Get:112 http://deb.debian.org/debian stable/main amd64 gnupg-utils amd64 2.2.40-1.1 [927 kB]
#8 440.0 Get:113 http://deb.debian.org/debian stable/main amd64 gpg amd64 2.2.40-1.1 [949 kB]
#8 441.1 Get:114 http://deb.debian.org/debian stable/main amd64 pinentry-curses amd64 1.2.1-1 [77.4 kB]
#8 442.5 Get:115 http://deb.debian.org/debian stable/main amd64 gpg-agent amd64 2.2.40-1.1 [695 kB]
#8 ...

#7 [dssat-builder 2/7] RUN apt-get update &&     apt-get install -y     ca-certificates     gfortran     cmake     && rm -rf /var/lib/apt/lists/*
#7 438.3 Get:99 http://deb.debian.org/debian stable/main amd64 libx11-6 amd64 2:1.8.4-2+deb12u2 [760 kB]
#7 439.5 Get:100 http://deb.debian.org/debian stable/main amd64 libxpm4 amd64 1:3.5.12-1.1+deb12u1 [48.6 kB]
#7 440.4 Get:101 http://deb.debian.org/debian stable/main amd64 libgd3 amd64 2.3.3-9 [124 kB]
#7 441.1 Get:102 http://deb.debian.org/debian stable/main amd64 libc-devtools amd64 2.36-9+deb12u10 [54.7 kB]
#7 441.8 Get:103 http://deb.debian.org/debian stable/main amd64 libgpm2 amd64 1.20.7-10+b1 [14.2 kB]
#7 ...

#4 [internal] load build context
#4 transferring context: 147.60MB 444.8s
#4 transferring context: 149.33MB 449.9s
#4 ...

#7 [dssat-builder 2/7] RUN apt-get update &&     apt-get install -y     ca-certificates     gfortran     cmake     && rm -rf /var/lib/apt/lists/*
#7 444.1 Get:104 http://deb.debian.org/debian stable/main amd64 libldap-common all 2.5.13+dfsg-5 [29.3 kB]
#7 444.7 Get:105 http://deb.debian.org/debian stable/main amd64 libsasl2-modules amd64 2.1.28+dfsg-10 [66.6 kB]
#7 446.1 Get:106 http://deb.debian.org/debian stable/main amd64 make amd64 4.3-4.1 [396 kB]
#7 448.9 Get:107 http://deb.debian.org/debian stable/main amd64 manpages-dev all 6.03-2 [2030 kB]
#7 450.9 Get:108 http://deb.debian.org/debian stable/main amd64 psmisc amd64 23.6-1 [259 kB]
#7 451.7 Get:109 http://deb.debian.org/debian stable/main amd64 publicsuffix all 20230209.2326-1 [126 kB]
#7 ...

#4 [internal] load build context
#4 ...

#8 [stage-1  3/28] RUN apt-get update &&     apt-get install -y     build-essential     gfortran     libopenblas-dev     liblapack-dev     libhdf5-dev     pkg-config     git     wget     curl     vim     less     htop     python3     python3-pip     python3-dev     && rm -rf /var/lib/apt/lists/*
#8 444.8 Get:116 http://deb.debian.org/debian stable/main amd64 gpg-wks-client amd64 2.2.40-1.1 [541 kB]
#8 446.3 Get:117 http://deb.debian.org/debian stable/main amd64 gpg-wks-server amd64 2.2.40-1.1 [531 kB]
#8 447.8 Get:118 http://deb.debian.org/debian stable/main amd64 gpgsm amd64 2.2.40-1.1 [671 kB]
#8 449.3 Get:119 http://deb.debian.org/debian stable/main amd64 gnupg all 2.2.40-1.1 [846 kB]
#8 450.6 Get:120 http://deb.debian.org/debian stable/main amd64 hdf5-helpers amd64 1.10.8+repack1-1 [27.9 kB]
#8 451.4 Get:121 http://deb.debian.org/debian stable/main amd64 libnl-3-200 amd64 3.7.0-0.2+b1 [63.1 kB]
#8 452.1 Get:122 http://deb.debian.org/debian stable/main amd64 libnl-genl-3-200 amd64 3.7.0-0.2+b1 [21.6 kB]
#8 453.6 Get:123 http://deb.debian.org/debian stable/main amd64 htop amd64 3.2.2-2 [152 kB]
#8 454.2 Get:124 http://deb.debian.org/debian stable/main amd64 javascript-common all 11+nmu1 [6260 B]
#8 ...

#4 [internal] load build context
#4 transferring context: 151.51MB 454.9s
#4 transferring context: 153.61MB 460.0s
#4 ...

#7 [dssat-builder 2/7] RUN apt-get update &&     apt-get install -y     ca-certificates     gfortran     cmake     && rm -rf /var/lib/apt/lists/*
#7 458.4 Get:39 http://deb.debian.org/debian stable/main amd64 cmake amd64 3.25.1-1 [8692 kB]
#7 461.3 Fetched 107 MB in 6min 51s (261 kB/s)
#7 461.3 E: Failed to fetch http://deb.debian.org/debian/pool/main/k/krb5/libkrb5support0_1.20.1-2%2bdeb12u3_amd64.deb  502  Bad Gateway [IP: 151.101.194.132 80]
#7 461.3 E: Failed to fetch http://deb.debian.org/debian/pool/main/k/krb5/libgssapi-krb5-2_1.20.1-2%2bdeb12u3_amd64.deb  502  Bad Gateway [IP: 151.101.194.132 80]
#7 461.3 E: Unable to fetch some archives, maybe run apt-get update or try with --fix-missing?
#7 ERROR: process "/bin/sh -c apt-get update &&     apt-get install -y     ca-certificates     gfortran     cmake     && rm -rf /var/lib/apt/lists/*" did not complete successfully: exit code: 100

#4 [internal] load build context
#4 ...

#8 [stage-1  3/28] RUN apt-get update &&     apt-get install -y     build-essential     gfortran     libopenblas-dev     liblapack-dev     libhdf5-dev     pkg-config     git     wget     curl     vim     less     htop     python3     python3-pip     python3-dev     && rm -rf /var/lib/apt/lists/*
#8 455.4 Get:125 http://deb.debian.org/debian stable/main amd64 libabsl20220623 amd64 20220623.1-1+deb12u2 [391 kB]
#8 456.3 Get:126 http://deb.debian.org/debian stable/main amd64 libaec0 amd64 1.0.6-1+b1 [21.1 kB]
#8 456.9 Get:127 http://deb.debian.org/debian stable/main amd64 libsz2 amd64 1.0.6-1+b1 [7804 B]
#8 457.6 Get:128 http://deb.debian.org/debian stable/main amd64 libaec-dev amd64 1.0.6-1+b1 [19.9 kB]
#8 458.7 Get:129 http://deb.debian.org/debian stable/main amd64 libalgorithm-diff-perl all 1.201-1 [43.3 kB]
#8 459.4 Get:130 http://deb.debian.org/debian stable/main amd64 libalgorithm-diff-xs-perl amd64 0.04-8+b1 [11.4 kB]
#8 460.0 Get:131 http://deb.debian.org/debian stable/main amd64 libalgorithm-merge-perl all 0.08-5 [11.8 kB]
#8 ...

#4 [internal] load build context
#4 transferring context: 154.33MB 462.3s done
#4 CANCELED

#8 [stage-1  3/28] RUN apt-get update &&     apt-get install -y     build-essential     gfortran     libopenblas-dev     liblapack-dev     libhdf5-dev     pkg-config     git     wget     curl     vim     less     htop     python3     python3-pip     python3-dev     && rm -rf /var/lib/apt/lists/*
#8 CANCELED
------
 > [dssat-builder 2/7] RUN apt-get update &&     apt-get install -y     ca-certificates     gfortran     cmake     && rm -rf /var/lib/apt/lists/*:
444.7 Get:105 http://deb.debian.org/debian stable/main amd64 libsasl2-modules amd64 2.1.28+dfsg-10 [66.6 kB]
446.1 Get:106 http://deb.debian.org/debian stable/main amd64 make amd64 4.3-4.1 [396 kB]
448.9 Get:107 http://deb.debian.org/debian stable/main amd64 manpages-dev all 6.03-2 [2030 kB]
450.9 Get:108 http://deb.debian.org/debian stable/main amd64 psmisc amd64 23.6-1 [259 kB]
451.7 Get:109 http://deb.debian.org/debian stable/main amd64 publicsuffix all 20230209.2326-1 [126 kB]
458.4 Get:39 http://deb.debian.org/debian stable/main amd64 cmake amd64 3.25.1-1 [8692 kB]
461.3 Fetched 107 MB in 6min 51s (261 kB/s)
461.3 E: Failed to fetch http://deb.debian.org/debian/pool/main/k/krb5/libkrb5support0_1.20.1-2%2bdeb12u3_amd64.deb  502  Bad Gateway [IP: 151.101.194.132 80]
461.3 E: Failed to fetch http://deb.debian.org/debian/pool/main/k/krb5/libgssapi-krb5-2_1.20.1-2%2bdeb12u3_amd64.deb  502  Bad Gateway [IP: 151.101.194.132 80]
461.3 E: Unable to fetch some archives, maybe run apt-get update or try with --fix-missing?
------
Dockerfile.comprehensive:11
--------------------
  10 |     
  11 | >>> RUN apt-get update && \
  12 | >>>     apt-get install -y \
  13 | >>>     ca-certificates \
  14 | >>>     gfortran \
  15 | >>>     cmake \
  16 | >>>     && rm -rf /var/lib/apt/lists/*
  17 |     
--------------------
ERROR: failed to solve: process "/bin/sh -c apt-get update &&     apt-get install -y     ca-certificates     gfortran     cmake     && rm -rf /var/lib/apt/lists/*" did not complete successfully: exit code: 100
