*WEATHER MODULE DAILY OUTPUT FILE

*DSSAT Cropping System Model Ver. 4.8.5.017 pre-release  JUN 12, 2025 18:04:53

*RUN   1        : Radiance                  CRGRO048 UFBA1401    1
 MODEL          : CRGRO048 - Strawberry
 EXPERIMENT     : UFBA1401 SR 2014 BALM STRAWBERRY VARIETY TRIAL
 DATA PATH      :
 TREATMENT  1   : Radiance                  CRGRO048
  
@YEAR DOY   DAS   PRED  DAYLD   TWLD   SRAD   PARD   CLDD   TMXD   TMND   TAVD   TDYD   TDWD   TGAD   TGRD   WDSD   CO2D   VPDF    VPD  OZON7   WDATE
 2014 274     1    0.3   11.7   12.6   20.1   40.2   0.16   30.9   22.8   26.6   28.2   24.2   26.6   28.2  209.0  399.1   0.00   0.00 -99.00 2014274
 2014 275     2    0.0   11.7   12.6   18.3   36.6   0.23   32.7   22.1   27.1   29.2   23.7   27.1   29.2  132.1  399.1   0.00   0.00 -99.00 2014275
 2014 276     3    7.9   11.7   12.6   19.5   39.0   0.18   32.3   21.8   26.8   28.8   23.9   26.8   28.8  175.7  399.1   0.00   0.00 -99.00 2014276
 2014 277     4    3.6   11.6   12.6   14.3   28.6   0.39   29.0   16.5   22.4   24.9   21.3   22.4   24.9  232.1  399.1   0.00   0.00 -99.00 2014277
 2014 278     5    0.0   11.6   12.5   21.7   43.4   0.07   25.5   12.4   18.6   21.2   11.7   18.6   21.2  212.4  399.1   0.00   0.00 -99.00 2014278
 2014 279     6    0.0   11.6   12.5   14.5   29.0   0.38   27.9   13.7   20.4   23.2   17.5   20.4   23.2  217.1  399.1   0.00   0.00 -99.00 2014279
 2014 280     7    0.0   11.5   12.5   12.6   25.2   0.46   29.7   19.0   24.1   26.2   20.6   24.1   26.2  240.2  399.1   0.00   0.00 -99.00 2014280
 2014 281     8    0.0   11.5   12.5   17.8   35.6   0.23   31.8   19.8   25.5   27.8   21.3   25.5   27.8  129.4  399.1   0.00   0.00 -99.00 2014281
 2014 282     9    0.0   11.5   12.4   20.0   40.0   0.12   31.2   19.5   25.0   27.3   20.8   25.0   27.3  236.4  399.1   0.00   0.00 -99.00 2014282
 2014 283    10    0.0   11.5   12.4   18.6   37.2   0.18   31.7   18.7   24.8   27.4   21.1   24.8   27.4  241.0  399.1   0.00   0.00 -99.00 2014283
 2014 284    11    0.0   11.4   12.4   19.3   38.6   0.14   32.2   19.2   25.3   27.8   20.9   25.3   27.8  191.6  399.1   0.00   0.00 -99.00 2014284
 2014 285    12    0.0   11.4   12.3   18.9   37.8   0.15   31.7   19.0   25.0   27.4   21.0   25.0   27.4  233.3  399.1   0.00   0.00 -99.00 2014285
 2014 286    13    0.0   11.4   12.3   18.5   37.0   0.17   31.7   19.5   25.2   27.6   21.9   25.2   27.6  296.2  399.1   0.00   0.00 -99.00 2014286
 2014 287    14   18.8   11.4   12.3    6.8   13.6   0.69   29.0   21.8   25.2   26.6   23.2   25.2   26.6  280.8  399.1   0.00   0.00 -99.00 2014287
 2014 288    15   23.9   11.3   12.3   15.2   30.4   0.31   27.8   15.6   21.3   23.7   20.9   21.3   23.7  178.8  399.3   0.00   0.00 -99.00 2014288
 2014 289    16    0.5   11.3   12.2   19.2   38.4   0.12   26.7   14.4   20.2   22.5   16.7   20.2   22.5  185.8  399.3   0.00   0.00 -99.00 2014289
 2014 290    17    0.0   11.3   12.2   19.9   39.8   0.08   27.5   12.1   19.3   22.3   14.6   19.3   22.3  137.1  399.3   0.00   0.00 -99.00 2014290
 2014 291    18    0.0   11.2   12.2   19.6   39.2   0.09   28.0   11.6   19.3   22.4   16.3   19.3   22.4  126.3  399.3   0.00   0.00 -99.00 2014291
 2014 292    19    0.0   11.2   12.2   18.1   36.2   0.15   28.7   13.6   20.7   23.6   18.0   20.7   23.6  160.3  399.3   0.00   0.00 -99.00 2014292
 2014 293    20    0.0   11.2   12.1   16.5   33.0   0.22   29.3   14.9   21.6   24.4   18.5   21.6   24.4  146.0  399.3   0.00   0.00 -99.00 2014293
 2014 294    21    0.0   11.2   12.1   10.3   20.6   0.51   28.7   19.0   23.5   25.4   20.0   23.5   25.4  104.7  399.3   0.00   0.00 -99.00 2014294
 2014 295    22    0.0   11.1   12.1   16.9   33.8   0.19   29.7   18.0   23.5   25.7   18.5   23.5   25.7  176.1  399.3   0.00   0.00 -99.00 2014295
 2014 296    23    0.0   11.1   12.1   18.7   37.4   0.10   27.8   15.1   21.0   23.4   15.5   21.0   23.4  287.4  399.3   0.00   0.00 -99.00 2014296
 2014 297    24    0.0   11.1   12.0   18.2   36.4   0.11   26.9   14.2   20.1   22.5   15.1   20.1   22.5  275.8  399.3   0.00   0.00 -99.00 2014297
 2014 298    25    0.0   11.1   12.0   18.8   37.6   0.08   26.5   13.2   19.4   21.9   13.6   19.4   21.9  199.7  399.3   0.00   0.00 -99.00 2014298
 2014 299    26    0.0   11.0   12.0   18.9   37.8   0.07   28.0    9.0   17.9   21.4   12.8   17.9   21.4  125.9  399.3   0.00   0.00 -99.00 2014299
 2014 300    27    0.0   11.0   12.0   18.3   36.6   0.09   28.8   11.4   19.5   22.8   14.2   19.5   22.8  166.5  399.3   0.00   0.00 -99.00 2014300
 2014 301    28    0.0   11.0   12.0   17.6   35.2   0.12   29.5   13.8   21.1   24.0   16.8   21.1   24.0  161.4  399.3   0.00   0.00 -99.00 2014301
 2014 302    29    0.0   11.0   11.9   14.2   28.4   0.28   29.8   15.1   21.9   24.7   18.4   21.9   24.7  118.6  399.3   0.00   0.00 -99.00 2014302
 2014 303    30    0.0   10.9   11.9   12.5   25.0   0.36   29.0   16.1   22.1   24.5   19.0   22.1   24.5  112.0  399.3   0.00   0.00 -99.00 2014303
 2014 304    31    0.0   10.9   11.9   17.4   34.8   0.11   24.6   16.4   20.2   21.7   14.3   20.2   21.7  236.4  399.3   0.00   0.00 -99.00 2014304
 2014 305    32    0.0   10.9   11.9   17.3   34.6   0.11   17.7    8.3   12.7   14.4    7.6   12.7   14.4  349.5  399.3   0.00   0.00 -99.00 2014305
 2014 306    33    0.0   10.9   11.8   18.1   36.2   0.06   19.4    4.6   11.5   14.2    3.9   11.5   14.2  215.9  399.3   0.00   0.00 -99.00 2014306
 2014 307    34    0.0   10.9   11.8   16.8   33.6   0.12   23.0    5.9   13.8   17.0    9.0   13.8   17.0  263.8  399.3   0.00   0.00 -99.00 2014307
 2014 308    35    0.0   10.8   11.8   14.6   29.2   0.23   26.5   11.0   18.2   21.0   13.7   18.2   21.0  273.5  399.3   0.00   0.00 -99.00 2014308
 2014 309    36    0.0   10.8   11.8   14.5   29.0   0.23   27.8   15.7   21.3   23.5   16.5   21.3   23.5  266.1  399.3   0.00   0.00 -99.00 2014309
 2014 310    37    0.0   10.8   11.8   12.5   25.0   0.33   28.9   16.1   22.0   24.4   17.7   22.0   24.4  148.3  399.3   0.00   0.00 -99.00 2014310
 2014 311    38    0.0   10.8   11.7   15.8   31.6   0.15   25.9   12.0   18.4   21.0   15.8   18.4   21.0  164.2  399.3   0.00   0.00 -99.00 2014311
 2014 312    39    7.1   10.7   11.7   11.4   22.8   0.38   25.4   10.6   17.4   20.2   13.1   17.4   20.2  184.2  399.3   0.00   0.00 -99.00 2014312
 2014 313    40    5.3   10.7   11.7    6.5   13.0   0.65   19.9   13.3   16.3   17.6   14.3   16.3   17.6  202.8  399.3   0.00   0.00 -99.00 2014313
 2014 314    41    0.3   10.7   11.7   16.5   33.0   0.10   24.9   12.8   18.4   20.6   14.7   18.4   20.6  203.5  399.3   0.00   0.00 -99.00 2014314
 2014 315    42    0.0   10.7   11.7   16.6   33.2   0.08   24.4   12.2   17.8   20.0   12.7   17.8   20.0  228.7  399.3   0.00   0.00 -99.00 2014315
 2014 316    43    0.0   10.7   11.6   17.2   34.4   0.05   26.1   10.0   17.4   20.3   12.1   17.4   20.3  151.8  399.3   0.00   0.00 -99.00 2014316
 2014 317    44    0.0   10.6   11.6   16.2   32.4   0.10   27.4    7.5   16.7   20.3   13.0   16.7   20.3  121.7  399.3   0.00   0.00 -99.00 2014317
 2014 318    45    0.0   10.6   11.6    8.4   16.8   0.53   21.6   10.4   15.6   17.6   13.3   15.6   17.6  207.8  399.3   0.00   0.00 -99.00 2014318
 2014 319    46    0.0   10.6   11.6   15.6   31.2   0.12   24.1    8.4   15.6   18.5   12.1   15.6   18.5  190.8  399.4   0.00   0.00 -99.00 2014319
 2014 320    47    0.0   10.6   11.6   14.1   28.2   0.20   28.0   12.5   19.6   22.4   16.8   19.6   22.4  216.3  399.4   0.00   0.00 -99.00 2014320
 2014 321    48   47.2   10.6   11.5    6.9   13.8   0.61   28.1   16.1   21.6   23.8   19.8   21.6   23.8  320.6  399.4   0.00   0.00 -99.00 2014321
 2014 322    49    0.3   10.5   11.5    3.7    7.4   0.79   19.6    5.7   12.1   14.6    7.7   12.1   14.6  294.3  399.4   0.00   0.00 -99.00 2014322
 2014 323    50    0.0   10.5   11.5   11.6   23.2   0.33   16.2    3.4    9.3   11.6    3.9    9.3   11.6  300.5  399.4   0.00   0.00 -99.00 2014323
 2014 324    51    1.3   10.5   11.5   12.7   25.4   0.26   19.0    5.3   11.6   14.0    6.0   11.6   14.0  231.7  399.4   0.00   0.00 -99.00 2014324
 2014 325    52    0.0   10.5   11.5   11.3   22.6   0.34   23.4   10.5   16.4   18.7   10.8   16.4   18.7  399.4  399.4   0.00   0.00 -99.00 2014325
 2014 326    53    0.3   10.5   11.5    6.9   13.8   0.59   23.5   17.1   20.0   21.2   18.7   20.0   21.2  452.3  399.4   0.00   0.00 -99.00 2014326
 2014 327    54    0.0   10.5   11.5   11.1   22.2   0.34   29.2   20.6   24.5   26.1   21.8   24.5   26.1  460.0  399.4   0.00   0.00 -99.00 2014327
 2014 328    55    0.0   10.4   11.4   10.8   21.6   0.36   29.1   20.9   24.7   26.1   22.4   24.7   26.1  301.7  399.4   0.00   0.00 -99.00 2014328
 2014 329    56  117.3   10.4   11.4    4.2    8.4   0.75   26.8   19.9   23.1   24.3   22.6   23.1   24.3  253.8  399.4   0.00   0.00 -99.00 2014329
 2014 330    57    3.8   10.4   11.4    5.8   11.6   0.65   21.9    8.4   14.6   17.0   12.1   14.6   17.0  302.0  399.4   0.00   0.00 -99.00 2014330
 2014 331    58    0.0   10.4   11.4   15.3   30.6   0.08   20.9    5.8   12.7   15.4    7.9   12.7   15.4  209.3  399.4   0.00   0.00 -99.00 2014331
 2014 332    59    0.0   10.4   11.4   15.6   31.2   0.06   16.3    4.4    9.8   11.9    3.9    9.8   11.9  247.2  399.4   0.00   0.00 -99.00 2014332
 2014 333    60    0.0   10.4   11.4   14.9   29.8   0.10   22.4    6.5   13.8   16.6    9.7   13.8   16.6  237.9  399.4   0.00   0.00 -99.00 2014333
 2014 334    61    0.0   10.4   11.4   13.7   27.4   0.16   25.3   10.8   17.4   20.0   13.7   17.4   20.0  243.7  399.4   0.00   0.00 -99.00 2014334
 2014 335    62    0.5   10.4   11.4   11.7   23.4   0.28   25.4   13.4   18.9   21.0   16.7   18.9   21.0  318.3  399.4   0.00   0.00 -99.00 2014335
 2014 336    63    1.0   10.3   11.3    9.2   18.4   0.43   24.3   16.3   20.0   21.4   18.4   20.0   21.4  300.9  399.4   0.00   0.00 -99.00 2014336
 2014 337    64    0.0   10.3   11.3   10.7   21.4   0.34   25.7   16.1   20.5   22.2   17.8   20.5   22.2  282.3  399.4   0.00   0.00 -99.00 2014337
 2014 338    65    0.0   10.3   11.3   12.8   25.6   0.21   26.8   15.1   20.4   22.5   17.3   20.4   22.5  282.7  399.4   0.00   0.00 -99.00 2014338
 2014 339    66    0.0   10.3   11.3   11.5   23.0   0.29   25.8   16.7   20.8   22.4   18.8   20.8   22.4  289.7  399.4   0.00   0.00 -99.00 2014339
 2014 340    67    0.0   10.3   11.3   12.0   24.0   0.25   28.4   17.0   22.2   24.2   19.1   22.2   24.2  161.4  399.4   0.00   0.00 -99.00 2014340
 2014 341    68    0.0   10.3   11.3    6.3   12.6   0.61   23.4   13.9   18.2   19.9   17.0   18.2   19.9  209.3  399.4   0.00   0.00 -99.00 2014341
 2014 342    69    1.8   10.3   11.3    3.3    6.6   0.79   18.3   12.7   15.3   16.2   14.7   15.3   16.2  213.6  399.4   0.00   0.00 -99.00 2014342
 2014 343    70    0.8   10.3   11.3   12.8   25.6   0.20   18.1    9.1   13.2   14.8   10.0   13.2   14.8  275.4  399.4   0.00   0.00 -99.00 2014343
 2014 344    71    0.0   10.3   11.3   14.8   29.6   0.07   18.5    3.8   10.5   13.1    6.5   10.5   13.1  161.1  399.4   0.00   0.00 -99.00 2014344
 2014 345    72    0.0   10.3   11.3   14.5   29.0   0.09   18.0    3.6   10.2   12.7    7.8   10.2   12.7  157.6  399.4   0.00   0.00 -99.00 2014345
 2014 346    73    0.0   10.3   11.3    5.8   11.6   0.63   14.0    5.9    9.6   11.0    6.1    9.6   11.0  112.8  399.4   0.00   0.00 -99.00 2014346
 2014 347    74    0.0   10.3   11.3   14.9   29.8   0.06   20.3    3.9   11.4   14.2    5.0   11.4   14.2  161.8  399.4   0.00   0.00 -99.00 2014347
 2014 348    75    0.0   10.3   11.3   14.8   29.6   0.06   21.0    3.3   11.4   14.4    5.7   11.4   14.4  125.9  399.4   0.00   0.00 -99.00 2014348
 2014 349    76    0.0   10.3   11.3   14.8   29.6   0.06   22.4    2.2   11.4   14.9    7.1   11.4   14.9  100.8  399.6   0.00   0.00 -99.00 2014349
 2014 350    77    0.0   10.2   11.2   13.6   27.2   0.14   23.0    5.2   13.3   16.4   10.9   13.3   16.4  121.7  399.6   0.00   0.00 -99.00 2014350
 2014 351    78    0.0   10.2   11.2   11.3   22.6   0.28   23.5    8.2   15.2   17.8   13.9   15.2   17.8  145.6  399.6   0.00   0.00 -99.00 2014351
 2014 352    79    0.0   10.2   11.2   14.0   28.0   0.11   20.6    4.7   11.9   14.7   10.3   11.9   14.7  129.0  399.6   0.00   0.00 -99.00 2014352
 2014 353    80    0.0   10.2   11.2   13.5   27.0   0.14   23.4    7.7   14.8   17.6    9.7   14.8   17.6  178.1  399.6   0.00   0.00 -99.00 2014353
 2014 354    81    0.0   10.2   11.2   13.3   26.6   0.15   26.2   10.8   17.8   20.5   13.6   17.8   20.5  147.2  399.6   0.00   0.00 -99.00 2014354
 2014 355    82    0.0   10.2   11.2    7.9   15.8   0.50   26.2   14.0   19.5   21.7   17.0   19.5   21.7  191.2  399.6   0.00   0.00 -99.00 2014355
 2014 356    83    0.0   10.2   11.2    7.7   15.4   0.51   27.1   18.3   22.3   23.8   19.9   22.3   23.8  296.6  399.6   0.00   0.00 -99.00 2014356
 2014 357    84    0.0   10.2   11.2    8.6   17.2   0.45   28.2   18.9   23.1   24.8   20.2   23.1   24.8  374.7  399.6   0.00   0.00 -99.00 2014357
 2014 358    85   13.5   10.2   11.2    6.3   12.6   0.60   27.3   18.1   22.3   23.9   21.3   22.3   23.9  512.2  399.6   0.00   0.00 -99.00 2014358
 2014 359    86    0.0   10.2   11.2    7.4   14.8   0.53   18.9   11.1   14.6   16.0   12.8   14.6   16.0  174.6  399.6   0.00   0.00 -99.00 2014359
 2014 360    87    0.0   10.2   11.2    7.3   14.6   0.54   21.5   10.3   15.4   17.4   13.0   15.4   17.4  180.8  399.6   0.00   0.00 -99.00 2014360
 2014 361    88    0.0   10.3   11.2    9.8   19.6   0.38   26.6   16.5   21.1   22.9   18.5   21.1   22.9  183.5  399.6   0.00   0.00 -99.00 2014361
 2014 362    89    0.0   10.3   11.2   12.0   24.0   0.24   27.2   14.9   20.5   22.6   18.6   20.5   22.6  132.9  399.6   0.00   0.00 -99.00 2014362
 2014 363    90    0.0   10.3   11.3   11.1   22.2   0.30   26.7   14.5   20.1   22.2   18.6   20.1   22.2  184.2  399.6   0.00   0.00 -99.00 2014363
 2014 364    91    6.1   10.3   11.3    2.7    5.4   0.83   20.9   16.8   18.7   19.4   19.0   18.7   19.4  154.5  399.6   0.00   0.00 -99.00 2014364
 2014 365    92    0.0   10.3   11.3    3.5    7.0   0.78   18.5   15.2   16.7   17.3   15.9   16.7   17.3  314.8  399.6   0.00   0.00 -99.00 2014365
 2015 001    93    0.0   10.3   11.3    3.5    7.0   0.78   18.5   15.2   16.7   17.3   15.9   16.7   17.3  314.8  399.6   0.00   0.00 -99.00 2015001
