*WEATHER MODULE DAILY OUTPUT FILE

*DSSAT Cropping System Model Ver. 4.8.5.017 pre-release  JUN 28, 2025 04:27:17

*RUN   1        : Radiance                  CRGRO048 UFWM1401    1
 MODEL          : CRGRO048 - Strawberry
 EXPERIMENT     : UFWM1401 SR 2014 WIMAUMA STRAWBERRY GROWTH AND YIELD ANALYSIS
 DATA PATH      :
 TREATMENT  1   : Radiance                  CRGRO048
  
@YEAR DOY   DAS   PRED  DAYLD   TWLD   SRAD   PARD   CLDD   TMXD   TMND   TAVD   TDYD   TDWD   TGAD   TGRD   WDSD   CO2D   VPDF    VPD  OZON7   WDATE
 2014 274     1    0.3   11.7   12.6   20.1   40.2   0.16   28.8   21.5   25.0   26.4   21.5   25.0   26.4   86.4  399.1   0.00   0.00 -99.00 2014274
 2014 275     2    0.0   11.7   12.6   18.3   36.6   0.23   30.4   20.9   25.4   27.3   20.9   25.4   27.3   86.4  399.1   0.00   0.00 -99.00 2014275
 2014 276     3    7.9   11.7   12.6   19.6   39.2   0.17   30.1   20.6   25.1   27.0   20.6   25.1   27.0   86.4  399.1   0.00   0.00 -99.00 2014276
 2014 277     4    3.6   11.6   12.6   14.3   28.6   0.39   27.1   15.8   21.2   23.4   15.8   21.2   23.4   86.4  399.1   0.00   0.00 -99.00 2014277
 2014 278     5    0.0   11.6   12.5   21.8   43.6   0.07   23.9   12.2   17.7   20.0   12.2   17.7   20.0   86.4  399.1   0.00   0.00 -99.00 2014278
 2014 279     6    0.0   11.6   12.5   14.5   29.0   0.38   26.1   13.3   19.4   21.9   13.3   19.4   21.9   86.4  399.1   0.00   0.00 -99.00 2014279
 2014 280     7    0.0   11.5   12.5   12.6   25.2   0.46   27.7   18.1   22.6   24.5   18.1   22.6   24.5   86.4  399.1   0.00   0.00 -99.00 2014280
 2014 281     8    0.0   11.5   12.5   17.8   35.6   0.23   29.6   18.8   23.9   26.0   18.8   23.9   26.0   86.4  399.1   0.00   0.00 -99.00 2014281
 2014 282     9    0.0   11.5   12.4   20.0   40.0   0.12   29.1   18.5   23.5   25.6   18.5   23.5   25.6   86.4  399.1   0.00   0.00 -99.00 2014282
 2014 283    10    0.0   11.5   12.4   18.6   37.2   0.18   29.5   17.8   23.3   25.6   17.8   23.3   25.6   86.4  399.1   0.00   0.00 -99.00 2014283
 2014 284    11    0.0   11.4   12.4   19.4   38.8   0.14   30.0   18.2   23.8   26.1   18.2   23.8   26.1   86.4  399.1   0.00   0.00 -99.00 2014284
 2014 285    12    0.0   11.4   12.3   18.9   37.8   0.15   29.5   18.1   23.5   25.7   18.1   23.5   25.7   86.4  399.1   0.00   0.00 -99.00 2014285
 2014 286    13    0.0   11.4   12.3   18.5   37.0   0.17   29.5   18.6   23.7   25.8   18.6   23.7   25.8   86.4  399.1   0.00   0.00 -99.00 2014286
 2014 287    14   18.8   11.4   12.3    6.8   13.6   0.69   27.1   20.6   23.7   24.9   20.6   23.7   24.9   86.4  399.1   0.00   0.00 -99.00 2014287
 2014 288    15   23.9   11.3   12.3   15.2   30.4   0.31   26.0   15.0   20.2   22.3   15.0   20.2   22.3   86.4  399.3   0.00   0.00 -99.00 2014288
 2014 289    16    0.5   11.3   12.2   19.2   38.4   0.12   25.0   13.9   19.1   21.2   13.9   19.1   21.2   86.4  399.3   0.00   0.00 -99.00 2014289
 2014 290    17    0.0   11.3   12.2   19.9   39.8   0.08   25.7   11.9   18.4   21.0   11.9   18.4   21.0   86.4  399.3   0.00   0.00 -99.00 2014290
 2014 291    18    0.0   11.2   12.2   19.6   39.2   0.08   26.2   11.4   18.3   21.2   11.4   18.3   21.2   86.4  399.3   0.00   0.00 -99.00 2014291
 2014 292    19    0.0   11.2   12.2   18.1   36.2   0.15   26.9   13.2   19.6   22.2   13.2   19.6   22.2   86.4  399.3   0.00   0.00 -99.00 2014292
 2014 293    20    0.0   11.2   12.1   16.5   33.0   0.22   27.3   14.4   20.4   22.9   14.4   20.4   22.9   86.4  399.3   0.00   0.00 -99.00 2014293
 2014 294    21    0.0   11.2   12.1   10.3   20.6   0.51   26.8   18.1   22.2   23.8   18.1   22.2   23.8   86.4  399.3   0.00   0.00 -99.00 2014294
 2014 295    22    0.0   11.1   12.1   16.9   33.8   0.19   27.7   17.2   22.1   24.1   17.2   22.1   24.1   86.4  399.3   0.00   0.00 -99.00 2014295
 2014 296    23    0.0   11.1   12.1   18.7   37.4   0.10   26.1   14.6   20.0   22.1   14.6   20.0   22.1   86.4  399.3   0.00   0.00 -99.00 2014296
 2014 297    24    0.0   11.1   12.0   18.2   36.4   0.11   25.2   13.8   19.1   21.3   13.8   19.1   21.3   86.4  399.3   0.00   0.00 -99.00 2014297
 2014 298    25    0.0   11.1   12.0   18.8   37.6   0.08   24.9   12.9   18.5   20.8   12.9   18.5   20.8   86.4  399.3   0.00   0.00 -99.00 2014298
 2014 299    26    0.0   11.0   12.0   18.9   37.8   0.07   26.2    9.1   17.1   20.3    9.1   17.1   20.3   86.4  399.3   0.00   0.00 -99.00 2014299
 2014 300    27    0.0   11.0   12.0   18.4   36.8   0.08   26.9   11.3   18.6   21.5   11.3   18.6   21.5   86.4  399.3   0.00   0.00 -99.00 2014300
 2014 301    28    0.0   11.0   12.0   17.6   35.2   0.12   27.6   13.4   20.0   22.7   13.4   20.0   22.7   86.4  399.3   0.00   0.00 -99.00 2014301
 2014 302    29    0.0   11.0   11.9   14.2   28.4   0.28   27.8   14.6   20.7   23.2   14.6   20.7   23.2   86.4  399.3   0.00   0.00 -99.00 2014302
 2014 303    30    0.0   10.9   11.9   12.5   25.0   0.36   27.1   15.5   20.9   23.1   15.5   20.9   23.1   86.4  399.3   0.00   0.00 -99.00 2014303
 2014 304    31    0.0   10.9   11.9   17.4   34.8   0.11   23.1   15.8   19.2   20.6   15.8   19.2   20.6   86.4  399.3   0.00   0.00 -99.00 2014304
 2014 305    32    0.0   10.9   11.9   17.3   34.6   0.11   16.9    8.5   12.4   14.0    8.5   12.4   14.0   86.4  399.3   0.00   0.00 -99.00 2014305
 2014 306    33    0.0   10.9   11.8   18.1   36.2   0.06   18.5    5.2   11.4   13.8    5.2   11.4   13.8   86.4  399.3   0.00   0.00 -99.00 2014306
 2014 307    34    0.0   10.9   11.8   16.8   33.6   0.12   21.7    6.3   13.4   16.3    6.3   13.4   16.3   86.4  399.3   0.00   0.00 -99.00 2014307
 2014 308    35    0.0   10.8   11.8   14.6   29.2   0.23   24.8   10.9   17.3   19.9   10.9   17.3   19.9   86.4  399.3   0.00   0.00 -99.00 2014308
 2014 309    36    0.0   10.8   11.8   14.4   28.8   0.24   26.0   15.2   20.2   22.2   15.2   20.2   22.2   86.4  399.3   0.00   0.00 -99.00 2014309
 2014 310    37    0.0   10.8   11.8   12.5   25.0   0.33   27.0   15.5   20.8   22.9   15.5   20.8   22.9   86.4  399.3   0.00   0.00 -99.00 2014310
 2014 311    38    0.0   10.8   11.7   15.8   31.6   0.15   24.3   11.8   17.6   19.9   11.8   17.6   19.9   86.4  399.3   0.00   0.00 -99.00 2014311
 2014 312    39    7.1   10.7   11.7   11.4   22.8   0.38   23.8   10.5   16.6   19.1   10.5   16.6   19.1   86.4  399.3   0.00   0.00 -99.00 2014312
 2014 313    40    5.3   10.7   11.7    6.5   13.0   0.65   18.9   12.9   15.7   16.8   12.9   15.7   16.8   86.4  399.3   0.00   0.00 -99.00 2014313
 2014 314    41    0.3   10.7   11.7   16.5   33.0   0.10   23.4   12.5   17.5   19.5   12.5   17.5   19.5   86.4  399.3   0.00   0.00 -99.00 2014314
 2014 315    42    0.0   10.7   11.7   16.6   33.2   0.08   22.9   12.0   17.0   19.0   12.0   17.0   19.0   86.4  399.3   0.00   0.00 -99.00 2014315
 2014 316    43    0.0   10.7   11.6   17.2   34.4   0.05   24.5   10.0   16.7   19.3   10.0   16.7   19.3   86.4  399.3   0.00   0.00 -99.00 2014316
 2014 317    44    0.0   10.6   11.6   16.2   32.4   0.10   25.6    7.8   16.0   19.2    7.8   16.0   19.2   86.4  399.3   0.00   0.00 -99.00 2014317
 2014 318    45    0.0   10.6   11.6    8.4   16.8   0.53   20.5   10.3   15.0   16.8   10.3   15.0   16.8   86.4  399.3   0.00   0.00 -99.00 2014318
 2014 319    46    0.0   10.6   11.6   15.6   31.2   0.12   22.7    8.5   15.0   17.6    8.5   15.0   17.6   86.4  399.4   0.00   0.00 -99.00 2014319
 2014 320    47    0.0   10.6   11.6   14.1   28.2   0.20   26.2   12.2   18.6   21.2   12.2   18.6   21.2   86.4  399.4   0.00   0.00 -99.00 2014320
 2014 321    48   47.2   10.6   11.5    6.9   13.8   0.61   26.3   15.5   20.5   22.4   15.5   20.5   22.4   86.4  399.4   0.00   0.00 -99.00 2014321
 2014 322    49    0.3   10.5   11.5    3.7    7.4   0.79   18.6    6.2   11.9   14.1    6.2   11.9   14.1   86.4  399.4   0.00   0.00 -99.00 2014322
 2014 323    50    0.0   10.5   11.5   11.6   23.2   0.33   15.6    4.0    9.3   11.4    4.0    9.3   11.4   86.4  399.4   0.00   0.00 -99.00 2014323
 2014 324    51    1.3   10.5   11.5   12.7   25.4   0.26   18.1    5.8   11.4   13.6    5.8   11.4   13.6   86.4  399.4   0.00   0.00 -99.00 2014324
 2014 325    52    0.0   10.5   11.5   11.3   22.6   0.34   22.0   10.5   15.8   17.8   10.5   15.8   17.8   86.4  399.4   0.00   0.00 -99.00 2014325
 2014 326    53    0.3   10.5   11.5    6.9   13.8   0.59   22.2   16.4   19.1   20.1   16.4   19.1   20.1   86.4  399.4   0.00   0.00 -99.00 2014326
 2014 327    54    0.0   10.5   11.5   11.1   22.2   0.34   27.3   19.5   23.1   24.5   19.5   23.1   24.5   86.4  399.4   0.00   0.00 -99.00 2014327
 2014 328    55    0.0   10.4   11.4   10.8   21.6   0.36   27.1   19.8   23.1   24.4   19.8   23.1   24.4   86.4  399.4   0.00   0.00 -99.00 2014328
 2014 329    56  117.3   10.4   11.4    4.2    8.4   0.75   25.1   18.9   21.7   22.8   18.9   21.7   22.8   86.4  399.4   0.00   0.00 -99.00 2014329
 2014 330    57    3.8   10.4   11.4    5.8   11.6   0.65   20.7    8.5   14.1   16.2    8.5   14.1   16.2   86.4  399.4   0.00   0.00 -99.00 2014330
 2014 331    58    0.0   10.4   11.4   15.3   30.6   0.08   19.8    6.2   12.4   14.8    6.2   12.4   14.8   86.4  399.4   0.00   0.00 -99.00 2014331
 2014 332    59    0.0   10.4   11.4   15.7   31.4   0.05   15.7    5.0    9.9   11.8    5.0    9.9   11.8   86.4  399.4   0.00   0.00 -99.00 2014332
 2014 333    60    0.0   10.4   11.4   14.9   29.8   0.09   21.1    6.8   13.3   15.9    6.8   13.3   15.9   86.4  399.4   0.00   0.00 -99.00 2014333
 2014 334    61    0.0   10.4   11.4   13.7   27.4   0.16   23.7   10.8   16.7   19.0   10.8   16.7   19.0   86.4  399.4   0.00   0.00 -99.00 2014334
 2014 335    62    0.5   10.4   11.4   11.7   23.4   0.28   23.8   13.0   17.9   19.8   13.0   17.9   19.8   86.4  399.4   0.00   0.00 -99.00 2014335
 2014 336    63    1.0   10.3   11.3    9.2   18.4   0.43   22.9   15.7   19.0   20.3   15.7   19.0   20.3   86.4  399.4   0.00   0.00 -99.00 2014336
 2014 337    64    0.0   10.3   11.3   10.7   21.4   0.34   24.1   15.5   19.4   20.9   15.5   19.4   20.9   86.4  399.4   0.00   0.00 -99.00 2014337
 2014 338    65    0.0   10.3   11.3   12.8   25.6   0.21   25.1   14.6   19.4   21.2   14.6   19.4   21.2   86.4  399.4   0.00   0.00 -99.00 2014338
 2014 339    66    0.0   10.3   11.3   11.5   23.0   0.29   24.3   16.1   19.8   21.3   16.1   19.8   21.3   86.4  399.4   0.00   0.00 -99.00 2014339
 2014 340    67    0.0   10.3   11.3   12.0   24.0   0.25   26.6   16.3   21.0   22.8   16.3   21.0   22.8   86.4  399.4   0.00   0.00 -99.00 2014340
 2014 341    68    0.0   10.3   11.3    6.3   12.6   0.61   22.0   13.5   17.4   18.9   13.5   17.4   18.9   86.4  399.4   0.00   0.00 -99.00 2014341
 2014 342    69    1.8   10.3   11.3    3.3    6.6   0.79   17.5   12.4   14.7   15.6   12.4   14.7   15.6   86.4  399.4   0.00   0.00 -99.00 2014342
 2014 343    70    0.8   10.3   11.3   12.8   25.6   0.20   17.3    9.2   12.9   14.3    9.2   12.9   14.3   86.4  399.4   0.00   0.00 -99.00 2014343
 2014 344    71    0.0   10.3   11.3   14.8   29.6   0.07   17.6    4.4   10.4   12.7    4.4   10.4   12.7   86.4  399.4   0.00   0.00 -99.00 2014344
 2014 345    72    0.0   10.3   11.3   14.5   29.0   0.09   17.2    4.2   10.1   12.4    4.2   10.1   12.4   86.4  399.4   0.00   0.00 -99.00 2014345
 2014 346    73    0.0   10.3   11.3    5.8   11.6   0.63   13.6    6.3    9.6   10.9    6.3    9.6   10.9   86.4  399.4   0.00   0.00 -99.00 2014346
 2014 347    74    0.0   10.3   11.3   14.9   29.8   0.06   19.3    4.5   11.2   13.8    4.5   11.2   13.8   86.4  399.4   0.00   0.00 -99.00 2014347
 2014 348    75    0.0   10.3   11.3   14.8   29.6   0.06   19.9    3.9   11.2   14.0    3.9   11.2   14.0   86.4  399.4   0.00   0.00 -99.00 2014348
 2014 349    76    0.0   10.3   11.3   14.8   29.6   0.06   21.1    3.0   11.2   14.4    3.0   11.2   14.4   86.4  399.6   0.00   0.00 -99.00 2014349
 2014 350    77    0.0   10.2   11.2   13.6   27.2   0.14   21.7    5.7   13.0   15.8    5.7   13.0   15.8   86.4  399.6   0.00   0.00 -99.00 2014350
 2014 351    78    0.0   10.2   11.2   11.3   22.6   0.28   22.1    8.4   14.6   17.0    8.4   14.6   17.0   86.4  399.6   0.00   0.00 -99.00 2014351
 2014 352    79    0.0   10.2   11.2   14.0   28.0   0.11   19.6    5.2   11.8   14.3    5.2   11.8   14.3   86.4  399.6   0.00   0.00 -99.00 2014352
 2014 353    80    0.0   10.2   11.2   13.5   27.0   0.14   22.1    8.0   14.4   16.9    8.0   14.4   16.9   86.4  399.6   0.00   0.00 -99.00 2014353
 2014 354    81    0.0   10.2   11.2   13.3   26.6   0.15   24.6   10.7   17.0   19.4   10.7   17.0   19.4   86.4  399.6   0.00   0.00 -99.00 2014354
 2014 355    82    0.0   10.2   11.2    7.8   15.6   0.50   24.6   13.6   18.6   20.5   13.6   18.6   20.5   86.4  399.6   0.00   0.00 -99.00 2014355
 2014 356    83    0.0   10.2   11.2    7.7   15.4   0.51   25.4   17.5   21.1   22.5   17.5   21.1   22.5   86.4  399.6   0.00   0.00 -99.00 2014356
 2014 357    84    0.0   10.2   11.2    8.6   17.2   0.45   26.4   18.0   21.8   23.3   18.0   21.8   23.3   86.4  399.6   0.00   0.00 -99.00 2014357
 2014 358    85   13.5   10.2   11.2    6.3   12.6   0.60   25.6   17.3   21.1   22.5   17.3   21.1   22.5   86.4  399.6   0.00   0.00 -99.00 2014358
 2014 359    86    0.0   10.2   11.2    7.4   14.8   0.53   18.0   11.0   14.2   15.4   11.0   14.2   15.4   86.4  399.6   0.00   0.00 -99.00 2014359
 2014 360    87    0.0   10.2   11.2    7.3   14.6   0.54   20.4   10.2   14.8   16.6   10.2   14.8   16.6   86.4  399.6   0.00   0.00 -99.00 2014360
 2014 361    88    0.0   10.3   11.2    9.8   19.6   0.38   25.0   15.8   20.0   21.6   15.8   20.0   21.6   86.4  399.6   0.00   0.00 -99.00 2014361
 2014 362    89    0.0   10.3   11.2   12.0   24.0   0.24   25.5   14.4   19.5   21.4   14.4   19.5   21.4   86.4  399.6   0.00   0.00 -99.00 2014362
 2014 363    90    0.0   10.3   11.3   11.1   22.2   0.30   25.1   14.1   19.1   21.0   14.1   19.1   21.0   86.4  399.6   0.00   0.00 -99.00 2014363
 2014 364    91    6.1   10.3   11.3    2.7    5.4   0.83   19.8   16.1   17.8   18.4   16.1   17.8   18.4   86.4  399.6   0.00   0.00 -99.00 2014364
 2014 365    92    0.0   10.3   11.3    3.5    7.0   0.78   17.6   14.7   16.0   16.5   14.7   16.0   16.5   86.4  399.6   0.00   0.00 -99.00 2014365
 2015 001    93    0.0   10.3   11.3    7.8   15.6   0.51   21.7   13.8   17.4   18.8   13.8   17.4   18.8   86.4  399.6   0.00   0.00 -99.00 2015001
 2015 002    94    0.0   10.3   11.3    9.5   19.0   0.40   24.8   16.0   20.0   21.5   16.0   20.0   21.5   86.4  399.6   0.00   0.00 -99.00 2015002
 2015 003    95    0.0   10.3   11.3   11.1   22.2   0.30   26.8   18.9   22.5   23.9   18.9   22.5   23.9   86.4  399.6   0.00   0.00 -99.00 2015003
 2015 004    96    0.0   10.3   11.3   13.0   26.0   0.19   26.9   17.3   21.7   23.4   17.3   21.7   23.4   86.4  399.6   0.00   0.00 -99.00 2015004
 2015 005    97    0.0   10.3   11.3    9.5   19.0   0.41   22.3   13.1   17.3   18.9   13.1   17.3   18.9   86.4  399.6   0.00   0.00 -99.00 2015005
 2015 006    98    0.0   10.3   11.3   12.0   24.0   0.25   24.7   11.5   17.5   19.8   11.5   17.5   19.8   86.4  399.6   0.00   0.00 -99.00 2015006
 2015 007    99    0.0   10.3   11.3   15.1   30.2   0.07   19.2    7.3   12.7   14.8    7.3   12.7   14.8   86.4  399.6   0.00   0.00 -99.00 2015007
 2015 008   100    0.0   10.3   11.3   14.1   28.2   0.13   15.5    3.8    9.1   11.2    3.8    9.1   11.2   86.4  399.6   0.00   0.00 -99.00 2015008
 2015 009   101    0.0   10.3   11.3    8.7   17.4   0.47   15.1    7.3   10.9   12.2    7.3   10.9   12.2   86.4  399.6   0.00   0.00 -99.00 2015009
 2015 010   102    0.0   10.4   11.3   12.9   25.8   0.21   18.0    5.4   11.2   13.4    5.4   11.2   13.4   86.4  399.6   0.00   0.00 -99.00 2015010
 2015 011   103    0.0   10.4   11.3   10.7   21.4   0.35   24.7   10.6   17.0   19.5   10.6   17.0   19.5   86.4  399.6   0.00   0.00 -99.00 2015011
 2015 012   104    1.0   10.4   11.4    4.9    9.8   0.70   23.4   16.4   19.6   20.8   16.4   19.6   20.8   86.4  399.6   0.00   0.00 -99.00 2015012
 2015 013   105    0.5   10.4   11.4   10.5   21.0   0.36   23.5   14.2   18.5   20.1   14.2   18.5   20.1   86.4  399.6   0.00   0.00 -99.00 2015013
 2015 014   106    0.0   10.4   11.4    4.7    9.4   0.72   18.2   13.8   15.8   16.6   13.8   15.8   16.6   86.4  399.6   0.00   0.00 -99.00 2015014
 2015 015   107    0.0   10.4   11.4    3.0    6.0   0.82   14.5   11.1   12.7   13.3   11.1   12.7   13.3   86.4  399.8   0.00   0.00 -99.00 2015015
 2015 016   108    0.8   10.4   11.4   13.5   27.0   0.19   19.1    8.6   13.4   15.3    8.6   13.4   15.3   86.4  399.8   0.00   0.00 -99.00 2015016
 2015 017   109    0.0   10.4   11.4   14.9   29.8   0.12   22.0    6.7   13.7   16.4    6.7   13.7   16.4   86.4  399.8   0.00   0.00 -99.00 2015017
 2015 018   110    0.0   10.5   11.4   12.0   24.0   0.29   20.5   10.4   15.0   16.8   10.4   15.0   16.8   86.4  399.8   0.00   0.00 -99.00 2015018
 2015 019   111    0.0   10.5   11.4   16.3   32.6   0.04   20.7    6.7   13.1   15.6    6.7   13.1   15.6   86.4  399.8   0.00   0.00 -99.00 2015019
 2015 020   112    0.0   10.5   11.5    6.3   12.6   0.63   20.5    8.1   13.8   16.0    8.1   13.8   16.0   86.4  399.8   0.00   0.00 -99.00 2015020
 2015 021   113    0.0   10.5   11.5   13.6   27.2   0.21   24.9   10.1   16.9   19.5   10.1   16.9   19.5   86.4  399.8   0.00   0.00 -99.00 2015021
 2015 022   114    0.0   10.5   11.5   13.4   26.8   0.22   25.3   12.1   18.2   20.5   12.1   18.2   20.5   86.4  399.8   0.00   0.00 -99.00 2015022
 2015 023   115    0.0   10.5   11.5    9.8   19.6   0.44   24.0   16.1   19.7   21.1   16.1   19.7   21.1   86.4  399.8   0.00   0.00 -99.00 2015023
 2015 024   116   13.2   10.6   11.5   10.3   20.6   0.41   19.7    8.7   13.8   15.7    8.7   13.8   15.7   86.4  399.8   0.00   0.00 -99.00 2015024
 2015 025   117    0.0   10.6   11.5   16.5   33.0   0.06   17.5    4.6   10.5   12.9    4.6   10.5   12.9   86.4  399.8   0.00   0.00 -99.00 2015025
 2015 026   118    1.8   10.6   11.5   14.8   29.6   0.16   17.3    9.7   13.2   14.6    9.7   13.2   14.6   86.4  399.8   0.00   0.00 -99.00 2015026
 2015 027   119    0.0   10.6   11.6   16.7   33.4   0.06   17.9    4.5   10.7   13.1    4.5   10.7   13.1   86.4  399.8   0.00   0.00 -99.00 2015027
 2015 028   120    0.0   10.6   11.6   17.4   34.8   0.03   16.6    5.7   10.7   12.7    5.7   10.7   12.7   86.4  399.8   0.00   0.00 -99.00 2015028
 2015 029   121    0.0   10.7   11.6   17.0   34.0   0.06   20.7    4.7   12.1   15.0    4.7   12.1   15.0   86.4  399.8   0.00   0.00 -99.00 2015029
 2015 030   122    0.0   10.7   11.6   14.5   29.0   0.20   20.4    5.4   12.3   15.1    5.4   12.3   15.1   86.4  399.8   0.00   0.00 -99.00 2015030
 2015 031   123    0.0   10.7   11.6   16.3   32.6   0.11   21.1    6.4   13.2   15.9    6.4   13.2   15.9   86.4  399.8   0.00   0.00 -99.00 2015031
 2015 032   124    0.0   10.7   11.7   16.8   33.6   0.09   23.1    8.7   15.3   18.0    8.7   15.3   18.0   86.4  399.8   0.00   0.00 -99.00 2015032
 2015 033   125    2.3   10.7   11.7    9.4   18.8   0.49   22.9    9.3   15.6   18.1    9.3   15.6   18.1   86.4  399.8   0.00   0.00 -99.00 2015033
 2015 034   126    0.0   10.8   11.7   15.7   31.4   0.16   18.7    4.2   10.9   13.6    4.2   10.9   13.6   86.4  399.8   0.00   0.00 -99.00 2015034
 2015 035   127    0.0   10.8   11.7   12.0   24.0   0.36   22.6   10.6   16.2   18.4   10.6   16.2   18.4   86.4  399.8   0.00   0.00 -99.00 2015035
 2015 036   128   37.1   10.8   11.7    4.9    9.8   0.74   20.3   10.3   14.9   16.8   10.3   14.9   16.8   86.4  399.8   0.00   0.00 -99.00 2015036
 2015 037   129    0.0   10.8   11.8   18.0   36.0   0.05   18.5    7.7   12.7   14.7    7.7   12.7   14.7   86.4  399.8   0.00   0.00 -99.00 2015037
 2015 038   130    0.0   10.9   11.8   17.9   35.8   0.06   21.1    7.5   13.8   16.3    7.5   13.8   16.3   86.4  399.8   0.00   0.00 -99.00 2015038
 2015 039   131    0.0   10.9   11.8   17.1   34.2   0.11   23.0    8.1   15.0   17.8    8.1   15.0   17.8   86.4  399.8   0.00   0.00 -99.00 2015039
 2015 040   132   40.4   10.9   11.8    4.4    8.8   0.77   21.3   11.3   15.9   17.8   11.3   15.9   17.8   86.4  399.8   0.00   0.00 -99.00 2015040
 2015 041   133    0.3   10.9   11.8   17.9   35.8   0.08   17.8    7.8   12.4   14.3    7.8   12.4   14.3   86.4  399.8   0.00   0.00 -99.00 2015041
 2015 042   134    0.0   10.9   11.9   19.1   38.2   0.03   19.3    6.8   12.6   14.9    6.8   12.6   14.9   86.4  399.8   0.00   0.00 -99.00 2015042
 2015 043   135    0.0   11.0   11.9   18.4   36.8   0.07   18.8    4.5   11.1   13.8    4.5   11.1   13.8   86.4  399.8   0.00   0.00 -99.00 2015043
 2015 044   136    0.0   11.0   11.9   19.2   38.4   0.04   14.6    4.1    9.0   11.0    4.1    9.0   11.0   86.4  399.8   0.00   0.00 -99.00 2015044
 2015 045   137    0.0   11.0   11.9   19.3   38.6   0.04   16.6    2.8    9.2   11.8    2.8    9.2   11.8   86.4  400.0   0.00   0.00 -99.00 2015045
 2015 046   138    0.0   11.0   12.0   18.3   36.6   0.10   22.0    5.8   13.3   16.4    5.8   13.3   16.4   86.4  400.0   0.00   0.00 -99.00 2015046
 2015 047   139    0.0   11.1   12.0   15.1   30.2   0.26   22.5    8.6   15.1   17.7    8.6   15.1   17.7   86.4  400.0   0.00   0.00 -99.00 2015047
 2015 048   140   17.5   11.1   12.0   11.6   23.2   0.43   23.6   12.1   17.5   19.6   12.1   17.5   19.6   86.4  400.0   0.00   0.00 -99.00 2015048
 2015 049   141   12.2   11.1   12.0   19.9   39.8   0.04   15.3    7.2   11.0   12.5    7.2   11.0   12.5   86.4  400.0   0.00   0.00 -99.00 2015049
 2015 050   142    0.0   11.1   12.0   20.4   40.8   0.02   11.0    2.3    6.4    8.0    2.3    6.4    8.0   86.4  400.0   0.00   0.00 -99.00 2015050
 2015 051   143    0.0   11.2   12.1   20.2   40.4   0.04   14.5   -0.7    6.4    9.3   -0.7    6.4    9.3   86.4  400.0   0.00   0.00 -99.00 2015051
 2015 052   144    0.0   11.2   12.1   16.1   32.2   0.24   21.6    4.4   12.4   15.7    4.4   12.4   15.7   86.4  400.0   0.00   0.00 -99.00 2015052
 2015 053   145    0.0   11.2   12.1   14.7   29.4   0.31   25.4   12.1   18.3   20.9   12.1   18.3   20.9   86.4  400.0   0.00   0.00 -99.00 2015053
 2015 054   146    0.0   11.2   12.1   16.8   33.6   0.22   24.9   14.0   19.1   21.2   14.0   19.1   21.2   86.4  400.0   0.00   0.00 -99.00 2015054
 2015 055   147    0.0   11.3   12.2   12.8   25.6   0.41   22.1   16.4   19.1   20.2   16.4   19.1   20.2   86.4  400.0   0.00   0.00 -99.00 2015055
 2015 056   148    0.0   11.3   12.2    8.9   17.8   0.59   24.5   15.0   19.5   21.3   15.0   19.5   21.3   86.4  400.0   0.00   0.00 -99.00 2015056
 2015 057   149    0.5   11.3   12.2    7.4   14.8   0.66   21.5   12.6   16.8   18.5   12.6   16.8   18.5   86.4  400.0   0.00   0.00 -99.00 2015057
 2015 058   150    0.0   11.4   12.2    5.3   10.6   0.76   15.3   11.4   13.2   14.0   11.4   13.2   14.0   86.4  400.0   0.00   0.00 -99.00 2015058
 2015 059   151   29.0   11.4   12.3    1.9    3.8   0.91   18.5   12.3   15.2   16.4   12.3   15.2   16.4   86.4  400.0   0.00   0.00 -99.00 2015059
 2015 060   152    0.0   11.4   12.3   15.7   31.4   0.30   27.6   17.1   22.0   24.1   17.1   22.0   24.1   86.4  400.0   0.00   0.00 -99.00 2015060
 2015 061   153    0.0   11.4   12.3   14.8   29.6   0.34   27.0   17.4   21.9   23.8   17.4   21.9   23.8   86.4  400.0   0.00   0.00 -99.00 2015061
 2015 062   154    0.0   11.5   12.3   16.3   32.6   0.28   27.1   15.1   20.8   23.1   15.1   20.8   23.1   86.4  400.0   0.00   0.00 -99.00 2015062
 2015 063   155    0.0   11.5   12.4   18.0   36.0   0.21   28.2   14.7   21.1   23.7   14.7   21.1   23.7   86.4  400.0   0.00   0.00 -99.00 2015063
 2015 064   156    0.0   11.5   12.4   15.7   31.4   0.32   27.2   16.6   21.6   23.7   16.6   21.6   23.7   86.4  400.0   0.00   0.00 -99.00 2015064
 2015 065   157    0.0   11.5   12.4   13.8   27.6   0.40   26.4   12.6   19.1   21.8   12.6   19.1   21.8   86.4  400.0   0.00   0.00 -99.00 2015065
 2015 066   158    0.0   11.6   12.5   12.6   25.2   0.46   21.7   10.7   15.9   18.1   10.7   15.9   18.1   86.4  400.0   0.00   0.00 -99.00 2015066
 2015 067   159    0.0   11.6   12.5   18.2   36.4   0.22   24.9   13.3   18.8   21.1   13.3   18.8   21.1   86.4  400.0   0.00   0.00 -99.00 2015067
 2015 068   160    0.0   11.6   12.5   18.3   36.6   0.22   26.8   13.7   19.9   22.5   13.7   19.9   22.5   86.4  400.0   0.00   0.00 -99.00 2015068
 2015 069   161    0.3   11.7   12.5   19.1   38.2   0.20   28.6   17.0   22.5   24.8   17.0   22.5   24.8   86.4  400.0   0.00   0.00 -99.00 2015069
 2015 070   162   12.7   11.7   12.6   14.2   28.4   0.41   29.1   18.0   23.3   25.5   18.0   23.3   25.5   86.4  400.0   0.00   0.00 -99.00 2015070
 2015 071   163    4.6   11.7   12.6   19.1   38.2   0.21   28.4   19.7   23.8   25.6   19.7   23.8   25.6   86.4  400.0   0.00   0.00 -99.00 2015071
 2015 072   164    0.0   11.7   12.6   19.2   38.4   0.21   27.8   17.8   22.5   24.5   17.8   22.5   24.5   86.4  400.0   0.00   0.00 -99.00 2015072
 2015 073   165    0.0   11.8   12.6   19.1   38.2   0.22   28.5   17.8   22.9   25.0   17.8   22.9   25.0   86.4  400.0   0.00   0.00 -99.00 2015073
 2015 074   166    0.0   11.8   12.7   20.5   41.0   0.16   27.3   16.3   21.5   23.7   16.3   21.5   23.7   86.4  400.1   0.00   0.00 -99.00 2015074
 2015 075   167    0.0   11.8   12.7   22.0   44.0   0.11   28.5   15.4   21.6   24.3   15.4   21.6   24.3   86.4  400.1   0.00   0.00 -99.00 2015075
 2015 076   168    0.0   11.9   12.7   23.0   46.0   0.07   26.7   15.5   20.8   23.1   15.5   20.8   23.1   86.4  400.1   0.00   0.00 -99.00 2015076
 2015 077   169    0.0   11.9   12.8   20.3   40.6   0.19   28.6   17.1   22.6   24.9   17.1   22.6   24.9   86.4  400.1   0.00   0.00 -99.00 2015077
 2015 078   170    0.5   11.9   12.8   17.9   35.8   0.29   27.6   16.6   21.8   24.1   16.6   21.8   24.1   86.4  400.1   0.00   0.00 -99.00 2015078
 2015 079   171    0.0   11.9   12.8   22.0   44.0   0.13   27.1   15.4   21.0   23.3   15.4   21.0   23.3   86.4  400.1   0.00   0.00 -99.00 2015079
 2015 080   172    0.0   12.0   12.8   20.9   41.8   0.18   28.0   14.6   21.0   23.7   14.6   21.0   23.7   86.4  400.1   0.00   0.00 -99.00 2015080
 2015 081   173    0.0   12.0   12.9   18.7   37.4   0.27   27.1   14.7   20.6   23.1   14.7   20.6   23.1   86.4  400.1   0.00   0.00 -99.00 2015081
 2015 082   174    7.6   12.0   12.9   10.1   20.2   0.61   24.2   17.6   20.8   21.8   17.6   20.8   21.8   86.4  400.1   0.00   0.00 -99.00 2015082
 2015 083   175    0.0   12.0   12.9   16.0   32.0   0.38   25.5   16.3   20.7   22.2   16.3   20.7   22.2   86.4  400.1   0.00   0.00 -99.00 2015083
 2015 084   176    0.0   12.1   13.0   17.7   35.4   0.32   27.4   15.9   21.4   23.3   15.9   21.4   23.3   86.4  400.1   0.00   0.00 -99.00 2015084
 2015 085   177    0.5   12.1   13.0   18.3   36.6   0.30   28.5   16.2   22.1   24.1   16.2   22.1   24.1   86.4  400.1   0.00   0.00 -99.00 2015085
 2015 086   178    9.1   12.1   13.0    9.3   18.6   0.65   24.9   15.0   19.8   21.4   15.0   19.8   21.4   86.4  400.1   0.00   0.00 -99.00 2015086
 2015 087   179    0.0   12.2   13.0   22.7   45.4   0.14   19.1    9.0   13.9   15.5    9.0   13.9   15.5   86.4  400.1   0.00   0.00 -99.00 2015087

*DSSAT Cropping System Model Ver. 4.8.5.017 pre-release  JUN 28, 2025 04:27:19

*RUN   2        : Sensation                 CRGRO048 UFWM1401    2
 MODEL          : CRGRO048 - Strawberry
 EXPERIMENT     : UFWM1401 SR 2014 WIMAUMA STRAWBERRY GROWTH AND YIELD ANALYSIS
 DATA PATH      :
 TREATMENT  2   : Sensation                 CRGRO048
  
@YEAR DOY   DAS   PRED  DAYLD   TWLD   SRAD   PARD   CLDD   TMXD   TMND   TAVD   TDYD   TDWD   TGAD   TGRD   WDSD   CO2D   VPDF    VPD  OZON7   WDATE
 2014 274     1    0.3   11.7   12.6   20.1   40.2   0.16   28.8   21.5   25.0   26.4   21.5   25.0   26.4   86.4  399.1   0.00   0.00 -99.00 2014274
 2014 275     2    0.0   11.7   12.6   18.3   36.6   0.23   30.4   20.9   25.4   27.3   20.9   25.4   27.3   86.4  399.1   0.00   0.00 -99.00 2014275
 2014 276     3    7.9   11.7   12.6   19.6   39.2   0.17   30.1   20.6   25.1   27.0   20.6   25.1   27.0   86.4  399.1   0.00   0.00 -99.00 2014276
 2014 277     4    3.6   11.6   12.6   14.3   28.6   0.39   27.1   15.8   21.2   23.4   15.8   21.2   23.4   86.4  399.1   0.00   0.00 -99.00 2014277
 2014 278     5    0.0   11.6   12.5   21.8   43.6   0.07   23.9   12.2   17.7   20.0   12.2   17.7   20.0   86.4  399.1   0.00   0.00 -99.00 2014278
 2014 279     6    0.0   11.6   12.5   14.5   29.0   0.38   26.1   13.3   19.4   21.9   13.3   19.4   21.9   86.4  399.1   0.00   0.00 -99.00 2014279
 2014 280     7    0.0   11.5   12.5   12.6   25.2   0.46   27.7   18.1   22.6   24.5   18.1   22.6   24.5   86.4  399.1   0.00   0.00 -99.00 2014280
 2014 281     8    0.0   11.5   12.5   17.8   35.6   0.23   29.6   18.8   23.9   26.0   18.8   23.9   26.0   86.4  399.1   0.00   0.00 -99.00 2014281
 2014 282     9    0.0   11.5   12.4   20.0   40.0   0.12   29.1   18.5   23.5   25.6   18.5   23.5   25.6   86.4  399.1   0.00   0.00 -99.00 2014282
 2014 283    10    0.0   11.5   12.4   18.6   37.2   0.18   29.5   17.8   23.3   25.6   17.8   23.3   25.6   86.4  399.1   0.00   0.00 -99.00 2014283
 2014 284    11    0.0   11.4   12.4   19.4   38.8   0.14   30.0   18.2   23.8   26.1   18.2   23.8   26.1   86.4  399.1   0.00   0.00 -99.00 2014284
 2014 285    12    0.0   11.4   12.3   18.9   37.8   0.15   29.5   18.1   23.5   25.7   18.1   23.5   25.7   86.4  399.1   0.00   0.00 -99.00 2014285
 2014 286    13    0.0   11.4   12.3   18.5   37.0   0.17   29.5   18.6   23.7   25.8   18.6   23.7   25.8   86.4  399.1   0.00   0.00 -99.00 2014286
 2014 287    14   18.8   11.4   12.3    6.8   13.6   0.69   27.1   20.6   23.7   24.9   20.6   23.7   24.9   86.4  399.1   0.00   0.00 -99.00 2014287
 2014 288    15   23.9   11.3   12.3   15.2   30.4   0.31   26.0   15.0   20.2   22.3   15.0   20.2   22.3   86.4  399.3   0.00   0.00 -99.00 2014288
 2014 289    16    0.5   11.3   12.2   19.2   38.4   0.12   25.0   13.9   19.1   21.2   13.9   19.1   21.2   86.4  399.3   0.00   0.00 -99.00 2014289
 2014 290    17    0.0   11.3   12.2   19.9   39.8   0.08   25.7   11.9   18.4   21.0   11.9   18.4   21.0   86.4  399.3   0.00   0.00 -99.00 2014290
 2014 291    18    0.0   11.2   12.2   19.6   39.2   0.08   26.2   11.4   18.3   21.2   11.4   18.3   21.2   86.4  399.3   0.00   0.00 -99.00 2014291
 2014 292    19    0.0   11.2   12.2   18.1   36.2   0.15   26.9   13.2   19.6   22.2   13.2   19.6   22.2   86.4  399.3   0.00   0.00 -99.00 2014292
 2014 293    20    0.0   11.2   12.1   16.5   33.0   0.22   27.3   14.4   20.4   22.9   14.4   20.4   22.9   86.4  399.3   0.00   0.00 -99.00 2014293
 2014 294    21    0.0   11.2   12.1   10.3   20.6   0.51   26.8   18.1   22.2   23.8   18.1   22.2   23.8   86.4  399.3   0.00   0.00 -99.00 2014294
 2014 295    22    0.0   11.1   12.1   16.9   33.8   0.19   27.7   17.2   22.1   24.1   17.2   22.1   24.1   86.4  399.3   0.00   0.00 -99.00 2014295
 2014 296    23    0.0   11.1   12.1   18.7   37.4   0.10   26.1   14.6   20.0   22.1   14.6   20.0   22.1   86.4  399.3   0.00   0.00 -99.00 2014296
 2014 297    24    0.0   11.1   12.0   18.2   36.4   0.11   25.2   13.8   19.1   21.3   13.8   19.1   21.3   86.4  399.3   0.00   0.00 -99.00 2014297
 2014 298    25    0.0   11.1   12.0   18.8   37.6   0.08   24.9   12.9   18.5   20.8   12.9   18.5   20.8   86.4  399.3   0.00   0.00 -99.00 2014298
 2014 299    26    0.0   11.0   12.0   18.9   37.8   0.07   26.2    9.1   17.1   20.3    9.1   17.1   20.3   86.4  399.3   0.00   0.00 -99.00 2014299
 2014 300    27    0.0   11.0   12.0   18.4   36.8   0.08   26.9   11.3   18.6   21.5   11.3   18.6   21.5   86.4  399.3   0.00   0.00 -99.00 2014300
 2014 301    28    0.0   11.0   12.0   17.6   35.2   0.12   27.6   13.4   20.0   22.7   13.4   20.0   22.7   86.4  399.3   0.00   0.00 -99.00 2014301
 2014 302    29    0.0   11.0   11.9   14.2   28.4   0.28   27.8   14.6   20.7   23.2   14.6   20.7   23.2   86.4  399.3   0.00   0.00 -99.00 2014302
 2014 303    30    0.0   10.9   11.9   12.5   25.0   0.36   27.1   15.5   20.9   23.1   15.5   20.9   23.1   86.4  399.3   0.00   0.00 -99.00 2014303
 2014 304    31    0.0   10.9   11.9   17.4   34.8   0.11   23.1   15.8   19.2   20.6   15.8   19.2   20.6   86.4  399.3   0.00   0.00 -99.00 2014304
 2014 305    32    0.0   10.9   11.9   17.3   34.6   0.11   16.9    8.5   12.4   14.0    8.5   12.4   14.0   86.4  399.3   0.00   0.00 -99.00 2014305
 2014 306    33    0.0   10.9   11.8   18.1   36.2   0.06   18.5    5.2   11.4   13.8    5.2   11.4   13.8   86.4  399.3   0.00   0.00 -99.00 2014306
 2014 307    34    0.0   10.9   11.8   16.8   33.6   0.12   21.7    6.3   13.4   16.3    6.3   13.4   16.3   86.4  399.3   0.00   0.00 -99.00 2014307
 2014 308    35    0.0   10.8   11.8   14.6   29.2   0.23   24.8   10.9   17.3   19.9   10.9   17.3   19.9   86.4  399.3   0.00   0.00 -99.00 2014308
 2014 309    36    0.0   10.8   11.8   14.4   28.8   0.24   26.0   15.2   20.2   22.2   15.2   20.2   22.2   86.4  399.3   0.00   0.00 -99.00 2014309
 2014 310    37    0.0   10.8   11.8   12.5   25.0   0.33   27.0   15.5   20.8   22.9   15.5   20.8   22.9   86.4  399.3   0.00   0.00 -99.00 2014310
 2014 311    38    0.0   10.8   11.7   15.8   31.6   0.15   24.3   11.8   17.6   19.9   11.8   17.6   19.9   86.4  399.3   0.00   0.00 -99.00 2014311
 2014 312    39    7.1   10.7   11.7   11.4   22.8   0.38   23.8   10.5   16.6   19.1   10.5   16.6   19.1   86.4  399.3   0.00   0.00 -99.00 2014312
 2014 313    40    5.3   10.7   11.7    6.5   13.0   0.65   18.9   12.9   15.7   16.8   12.9   15.7   16.8   86.4  399.3   0.00   0.00 -99.00 2014313
 2014 314    41    0.3   10.7   11.7   16.5   33.0   0.10   23.4   12.5   17.5   19.5   12.5   17.5   19.5   86.4  399.3   0.00   0.00 -99.00 2014314
 2014 315    42    0.0   10.7   11.7   16.6   33.2   0.08   22.9   12.0   17.0   19.0   12.0   17.0   19.0   86.4  399.3   0.00   0.00 -99.00 2014315
 2014 316    43    0.0   10.7   11.6   17.2   34.4   0.05   24.5   10.0   16.7   19.3   10.0   16.7   19.3   86.4  399.3   0.00   0.00 -99.00 2014316
 2014 317    44    0.0   10.6   11.6   16.2   32.4   0.10   25.6    7.8   16.0   19.2    7.8   16.0   19.2   86.4  399.3   0.00   0.00 -99.00 2014317
 2014 318    45    0.0   10.6   11.6    8.4   16.8   0.53   20.5   10.3   15.0   16.8   10.3   15.0   16.8   86.4  399.3   0.00   0.00 -99.00 2014318
 2014 319    46    0.0   10.6   11.6   15.6   31.2   0.12   22.7    8.5   15.0   17.6    8.5   15.0   17.6   86.4  399.4   0.00   0.00 -99.00 2014319
 2014 320    47    0.0   10.6   11.6   14.1   28.2   0.20   26.2   12.2   18.6   21.2   12.2   18.6   21.2   86.4  399.4   0.00   0.00 -99.00 2014320
 2014 321    48   47.2   10.6   11.5    6.9   13.8   0.61   26.3   15.5   20.5   22.4   15.5   20.5   22.4   86.4  399.4   0.00   0.00 -99.00 2014321
 2014 322    49    0.3   10.5   11.5    3.7    7.4   0.79   18.6    6.2   11.9   14.1    6.2   11.9   14.1   86.4  399.4   0.00   0.00 -99.00 2014322
 2014 323    50    0.0   10.5   11.5   11.6   23.2   0.33   15.6    4.0    9.3   11.4    4.0    9.3   11.4   86.4  399.4   0.00   0.00 -99.00 2014323
 2014 324    51    1.3   10.5   11.5   12.7   25.4   0.26   18.1    5.8   11.4   13.6    5.8   11.4   13.6   86.4  399.4   0.00   0.00 -99.00 2014324
 2014 325    52    0.0   10.5   11.5   11.3   22.6   0.34   22.0   10.5   15.8   17.8   10.5   15.8   17.8   86.4  399.4   0.00   0.00 -99.00 2014325
 2014 326    53    0.3   10.5   11.5    6.9   13.8   0.59   22.2   16.4   19.1   20.1   16.4   19.1   20.1   86.4  399.4   0.00   0.00 -99.00 2014326
 2014 327    54    0.0   10.5   11.5   11.1   22.2   0.34   27.3   19.5   23.1   24.5   19.5   23.1   24.5   86.4  399.4   0.00   0.00 -99.00 2014327
 2014 328    55    0.0   10.4   11.4   10.8   21.6   0.36   27.1   19.8   23.1   24.4   19.8   23.1   24.4   86.4  399.4   0.00   0.00 -99.00 2014328
 2014 329    56  117.3   10.4   11.4    4.2    8.4   0.75   25.1   18.9   21.7   22.8   18.9   21.7   22.8   86.4  399.4   0.00   0.00 -99.00 2014329
 2014 330    57    3.8   10.4   11.4    5.8   11.6   0.65   20.7    8.5   14.1   16.2    8.5   14.1   16.2   86.4  399.4   0.00   0.00 -99.00 2014330
 2014 331    58    0.0   10.4   11.4   15.3   30.6   0.08   19.8    6.2   12.4   14.8    6.2   12.4   14.8   86.4  399.4   0.00   0.00 -99.00 2014331
 2014 332    59    0.0   10.4   11.4   15.7   31.4   0.05   15.7    5.0    9.9   11.8    5.0    9.9   11.8   86.4  399.4   0.00   0.00 -99.00 2014332
 2014 333    60    0.0   10.4   11.4   14.9   29.8   0.09   21.1    6.8   13.3   15.9    6.8   13.3   15.9   86.4  399.4   0.00   0.00 -99.00 2014333
 2014 334    61    0.0   10.4   11.4   13.7   27.4   0.16   23.7   10.8   16.7   19.0   10.8   16.7   19.0   86.4  399.4   0.00   0.00 -99.00 2014334
 2014 335    62    0.5   10.4   11.4   11.7   23.4   0.28   23.8   13.0   17.9   19.8   13.0   17.9   19.8   86.4  399.4   0.00   0.00 -99.00 2014335
 2014 336    63    1.0   10.3   11.3    9.2   18.4   0.43   22.9   15.7   19.0   20.3   15.7   19.0   20.3   86.4  399.4   0.00   0.00 -99.00 2014336
 2014 337    64    0.0   10.3   11.3   10.7   21.4   0.34   24.1   15.5   19.4   20.9   15.5   19.4   20.9   86.4  399.4   0.00   0.00 -99.00 2014337
 2014 338    65    0.0   10.3   11.3   12.8   25.6   0.21   25.1   14.6   19.4   21.2   14.6   19.4   21.2   86.4  399.4   0.00   0.00 -99.00 2014338
 2014 339    66    0.0   10.3   11.3   11.5   23.0   0.29   24.3   16.1   19.8   21.3   16.1   19.8   21.3   86.4  399.4   0.00   0.00 -99.00 2014339
 2014 340    67    0.0   10.3   11.3   12.0   24.0   0.25   26.6   16.3   21.0   22.8   16.3   21.0   22.8   86.4  399.4   0.00   0.00 -99.00 2014340
 2014 341    68    0.0   10.3   11.3    6.3   12.6   0.61   22.0   13.5   17.4   18.9   13.5   17.4   18.9   86.4  399.4   0.00   0.00 -99.00 2014341
 2014 342    69    1.8   10.3   11.3    3.3    6.6   0.79   17.5   12.4   14.7   15.6   12.4   14.7   15.6   86.4  399.4   0.00   0.00 -99.00 2014342
 2014 343    70    0.8   10.3   11.3   12.8   25.6   0.20   17.3    9.2   12.9   14.3    9.2   12.9   14.3   86.4  399.4   0.00   0.00 -99.00 2014343
 2014 344    71    0.0   10.3   11.3   14.8   29.6   0.07   17.6    4.4   10.4   12.7    4.4   10.4   12.7   86.4  399.4   0.00   0.00 -99.00 2014344
 2014 345    72    0.0   10.3   11.3   14.5   29.0   0.09   17.2    4.2   10.1   12.4    4.2   10.1   12.4   86.4  399.4   0.00   0.00 -99.00 2014345
 2014 346    73    0.0   10.3   11.3    5.8   11.6   0.63   13.6    6.3    9.6   10.9    6.3    9.6   10.9   86.4  399.4   0.00   0.00 -99.00 2014346
 2014 347    74    0.0   10.3   11.3   14.9   29.8   0.06   19.3    4.5   11.2   13.8    4.5   11.2   13.8   86.4  399.4   0.00   0.00 -99.00 2014347
 2014 348    75    0.0   10.3   11.3   14.8   29.6   0.06   19.9    3.9   11.2   14.0    3.9   11.2   14.0   86.4  399.4   0.00   0.00 -99.00 2014348
 2014 349    76    0.0   10.3   11.3   14.8   29.6   0.06   21.1    3.0   11.2   14.4    3.0   11.2   14.4   86.4  399.6   0.00   0.00 -99.00 2014349
 2014 350    77    0.0   10.2   11.2   13.6   27.2   0.14   21.7    5.7   13.0   15.8    5.7   13.0   15.8   86.4  399.6   0.00   0.00 -99.00 2014350
 2014 351    78    0.0   10.2   11.2   11.3   22.6   0.28   22.1    8.4   14.6   17.0    8.4   14.6   17.0   86.4  399.6   0.00   0.00 -99.00 2014351
 2014 352    79    0.0   10.2   11.2   14.0   28.0   0.11   19.6    5.2   11.8   14.3    5.2   11.8   14.3   86.4  399.6   0.00   0.00 -99.00 2014352
 2014 353    80    0.0   10.2   11.2   13.5   27.0   0.14   22.1    8.0   14.4   16.9    8.0   14.4   16.9   86.4  399.6   0.00   0.00 -99.00 2014353
 2014 354    81    0.0   10.2   11.2   13.3   26.6   0.15   24.6   10.7   17.0   19.4   10.7   17.0   19.4   86.4  399.6   0.00   0.00 -99.00 2014354
 2014 355    82    0.0   10.2   11.2    7.8   15.6   0.50   24.6   13.6   18.6   20.5   13.6   18.6   20.5   86.4  399.6   0.00   0.00 -99.00 2014355
 2014 356    83    0.0   10.2   11.2    7.7   15.4   0.51   25.4   17.5   21.1   22.5   17.5   21.1   22.5   86.4  399.6   0.00   0.00 -99.00 2014356
 2014 357    84    0.0   10.2   11.2    8.6   17.2   0.45   26.4   18.0   21.8   23.3   18.0   21.8   23.3   86.4  399.6   0.00   0.00 -99.00 2014357
 2014 358    85   13.5   10.2   11.2    6.3   12.6   0.60   25.6   17.3   21.1   22.5   17.3   21.1   22.5   86.4  399.6   0.00   0.00 -99.00 2014358
 2014 359    86    0.0   10.2   11.2    7.4   14.8   0.53   18.0   11.0   14.2   15.4   11.0   14.2   15.4   86.4  399.6   0.00   0.00 -99.00 2014359
 2014 360    87    0.0   10.2   11.2    7.3   14.6   0.54   20.4   10.2   14.8   16.6   10.2   14.8   16.6   86.4  399.6   0.00   0.00 -99.00 2014360
 2014 361    88    0.0   10.3   11.2    9.8   19.6   0.38   25.0   15.8   20.0   21.6   15.8   20.0   21.6   86.4  399.6   0.00   0.00 -99.00 2014361
 2014 362    89    0.0   10.3   11.2   12.0   24.0   0.24   25.5   14.4   19.5   21.4   14.4   19.5   21.4   86.4  399.6   0.00   0.00 -99.00 2014362
 2014 363    90    0.0   10.3   11.3   11.1   22.2   0.30   25.1   14.1   19.1   21.0   14.1   19.1   21.0   86.4  399.6   0.00   0.00 -99.00 2014363
 2014 364    91    6.1   10.3   11.3    2.7    5.4   0.83   19.8   16.1   17.8   18.4   16.1   17.8   18.4   86.4  399.6   0.00   0.00 -99.00 2014364
 2014 365    92    0.0   10.3   11.3    3.5    7.0   0.78   17.6   14.7   16.0   16.5   14.7   16.0   16.5   86.4  399.6   0.00   0.00 -99.00 2014365
 2015 001    93    0.0   10.3   11.3    7.8   15.6   0.51   21.7   13.8   17.4   18.8   13.8   17.4   18.8   86.4  399.6   0.00   0.00 -99.00 2015001
 2015 002    94    0.0   10.3   11.3    9.5   19.0   0.40   24.8   16.0   20.0   21.5   16.0   20.0   21.5   86.4  399.6   0.00   0.00 -99.00 2015002
 2015 003    95    0.0   10.3   11.3   11.1   22.2   0.30   26.8   18.9   22.5   23.9   18.9   22.5   23.9   86.4  399.6   0.00   0.00 -99.00 2015003
 2015 004    96    0.0   10.3   11.3   13.0   26.0   0.19   26.9   17.3   21.7   23.4   17.3   21.7   23.4   86.4  399.6   0.00   0.00 -99.00 2015004
 2015 005    97    0.0   10.3   11.3    9.5   19.0   0.41   22.3   13.1   17.3   18.9   13.1   17.3   18.9   86.4  399.6   0.00   0.00 -99.00 2015005
 2015 006    98    0.0   10.3   11.3   12.0   24.0   0.25   24.7   11.5   17.5   19.8   11.5   17.5   19.8   86.4  399.6   0.00   0.00 -99.00 2015006
 2015 007    99    0.0   10.3   11.3   15.1   30.2   0.07   19.2    7.3   12.7   14.8    7.3   12.7   14.8   86.4  399.6   0.00   0.00 -99.00 2015007
 2015 008   100    0.0   10.3   11.3   14.1   28.2   0.13   15.5    3.8    9.1   11.2    3.8    9.1   11.2   86.4  399.6   0.00   0.00 -99.00 2015008
 2015 009   101    0.0   10.3   11.3    8.7   17.4   0.47   15.1    7.3   10.9   12.2    7.3   10.9   12.2   86.4  399.6   0.00   0.00 -99.00 2015009
 2015 010   102    0.0   10.4   11.3   12.9   25.8   0.21   18.0    5.4   11.2   13.4    5.4   11.2   13.4   86.4  399.6   0.00   0.00 -99.00 2015010
 2015 011   103    0.0   10.4   11.3   10.7   21.4   0.35   24.7   10.6   17.0   19.5   10.6   17.0   19.5   86.4  399.6   0.00   0.00 -99.00 2015011
 2015 012   104    1.0   10.4   11.4    4.9    9.8   0.70   23.4   16.4   19.6   20.8   16.4   19.6   20.8   86.4  399.6   0.00   0.00 -99.00 2015012
 2015 013   105    0.5   10.4   11.4   10.5   21.0   0.36   23.5   14.2   18.5   20.1   14.2   18.5   20.1   86.4  399.6   0.00   0.00 -99.00 2015013
 2015 014   106    0.0   10.4   11.4    4.7    9.4   0.72   18.2   13.8   15.8   16.6   13.8   15.8   16.6   86.4  399.6   0.00   0.00 -99.00 2015014
 2015 015   107    0.0   10.4   11.4    3.0    6.0   0.82   14.5   11.1   12.7   13.3   11.1   12.7   13.3   86.4  399.8   0.00   0.00 -99.00 2015015
 2015 016   108    0.8   10.4   11.4   13.5   27.0   0.19   19.1    8.6   13.4   15.3    8.6   13.4   15.3   86.4  399.8   0.00   0.00 -99.00 2015016
 2015 017   109    0.0   10.4   11.4   14.9   29.8   0.12   22.0    6.7   13.7   16.4    6.7   13.7   16.4   86.4  399.8   0.00   0.00 -99.00 2015017
 2015 018   110    0.0   10.5   11.4   12.0   24.0   0.29   20.5   10.4   15.0   16.8   10.4   15.0   16.8   86.4  399.8   0.00   0.00 -99.00 2015018
 2015 019   111    0.0   10.5   11.4   16.3   32.6   0.04   20.7    6.7   13.1   15.6    6.7   13.1   15.6   86.4  399.8   0.00   0.00 -99.00 2015019
 2015 020   112    0.0   10.5   11.5    6.3   12.6   0.63   20.5    8.1   13.8   16.0    8.1   13.8   16.0   86.4  399.8   0.00   0.00 -99.00 2015020
 2015 021   113    0.0   10.5   11.5   13.6   27.2   0.21   24.9   10.1   16.9   19.5   10.1   16.9   19.5   86.4  399.8   0.00   0.00 -99.00 2015021
 2015 022   114    0.0   10.5   11.5   13.4   26.8   0.22   25.3   12.1   18.2   20.5   12.1   18.2   20.5   86.4  399.8   0.00   0.00 -99.00 2015022
 2015 023   115    0.0   10.5   11.5    9.8   19.6   0.44   24.0   16.1   19.7   21.1   16.1   19.7   21.1   86.4  399.8   0.00   0.00 -99.00 2015023
 2015 024   116   13.2   10.6   11.5   10.3   20.6   0.41   19.7    8.7   13.8   15.7    8.7   13.8   15.7   86.4  399.8   0.00   0.00 -99.00 2015024
 2015 025   117    0.0   10.6   11.5   16.5   33.0   0.06   17.5    4.6   10.5   12.9    4.6   10.5   12.9   86.4  399.8   0.00   0.00 -99.00 2015025
 2015 026   118    1.8   10.6   11.5   14.8   29.6   0.16   17.3    9.7   13.2   14.6    9.7   13.2   14.6   86.4  399.8   0.00   0.00 -99.00 2015026
 2015 027   119    0.0   10.6   11.6   16.7   33.4   0.06   17.9    4.5   10.7   13.1    4.5   10.7   13.1   86.4  399.8   0.00   0.00 -99.00 2015027
 2015 028   120    0.0   10.6   11.6   17.4   34.8   0.03   16.6    5.7   10.7   12.7    5.7   10.7   12.7   86.4  399.8   0.00   0.00 -99.00 2015028
 2015 029   121    0.0   10.7   11.6   17.0   34.0   0.06   20.7    4.7   12.1   15.0    4.7   12.1   15.0   86.4  399.8   0.00   0.00 -99.00 2015029
 2015 030   122    0.0   10.7   11.6   14.5   29.0   0.20   20.4    5.4   12.3   15.1    5.4   12.3   15.1   86.4  399.8   0.00   0.00 -99.00 2015030
 2015 031   123    0.0   10.7   11.6   16.3   32.6   0.11   21.1    6.4   13.2   15.9    6.4   13.2   15.9   86.4  399.8   0.00   0.00 -99.00 2015031
 2015 032   124    0.0   10.7   11.7   16.8   33.6   0.09   23.1    8.7   15.3   18.0    8.7   15.3   18.0   86.4  399.8   0.00   0.00 -99.00 2015032
 2015 033   125    2.3   10.7   11.7    9.4   18.8   0.49   22.9    9.3   15.6   18.1    9.3   15.6   18.1   86.4  399.8   0.00   0.00 -99.00 2015033
 2015 034   126    0.0   10.8   11.7   15.7   31.4   0.16   18.7    4.2   10.9   13.6    4.2   10.9   13.6   86.4  399.8   0.00   0.00 -99.00 2015034
 2015 035   127    0.0   10.8   11.7   12.0   24.0   0.36   22.6   10.6   16.2   18.4   10.6   16.2   18.4   86.4  399.8   0.00   0.00 -99.00 2015035
 2015 036   128   37.1   10.8   11.7    4.9    9.8   0.74   20.3   10.3   14.9   16.8   10.3   14.9   16.8   86.4  399.8   0.00   0.00 -99.00 2015036
 2015 037   129    0.0   10.8   11.8   18.0   36.0   0.05   18.5    7.7   12.7   14.7    7.7   12.7   14.7   86.4  399.8   0.00   0.00 -99.00 2015037
 2015 038   130    0.0   10.9   11.8   17.9   35.8   0.06   21.1    7.5   13.8   16.3    7.5   13.8   16.3   86.4  399.8   0.00   0.00 -99.00 2015038
 2015 039   131    0.0   10.9   11.8   17.1   34.2   0.11   23.0    8.1   15.0   17.8    8.1   15.0   17.8   86.4  399.8   0.00   0.00 -99.00 2015039
 2015 040   132   40.4   10.9   11.8    4.4    8.8   0.77   21.3   11.3   15.9   17.8   11.3   15.9   17.8   86.4  399.8   0.00   0.00 -99.00 2015040
 2015 041   133    0.3   10.9   11.8   17.9   35.8   0.08   17.8    7.8   12.4   14.3    7.8   12.4   14.3   86.4  399.8   0.00   0.00 -99.00 2015041
 2015 042   134    0.0   10.9   11.9   19.1   38.2   0.03   19.3    6.8   12.6   14.9    6.8   12.6   14.9   86.4  399.8   0.00   0.00 -99.00 2015042
 2015 043   135    0.0   11.0   11.9   18.4   36.8   0.07   18.8    4.5   11.1   13.8    4.5   11.1   13.8   86.4  399.8   0.00   0.00 -99.00 2015043
 2015 044   136    0.0   11.0   11.9   19.2   38.4   0.04   14.6    4.1    9.0   11.0    4.1    9.0   11.0   86.4  399.8   0.00   0.00 -99.00 2015044
 2015 045   137    0.0   11.0   11.9   19.3   38.6   0.04   16.6    2.8    9.2   11.8    2.8    9.2   11.8   86.4  400.0   0.00   0.00 -99.00 2015045
 2015 046   138    0.0   11.0   12.0   18.3   36.6   0.10   22.0    5.8   13.3   16.4    5.8   13.3   16.4   86.4  400.0   0.00   0.00 -99.00 2015046
 2015 047   139    0.0   11.1   12.0   15.1   30.2   0.26   22.5    8.6   15.1   17.7    8.6   15.1   17.7   86.4  400.0   0.00   0.00 -99.00 2015047
 2015 048   140   17.5   11.1   12.0   11.6   23.2   0.43   23.6   12.1   17.5   19.6   12.1   17.5   19.6   86.4  400.0   0.00   0.00 -99.00 2015048
 2015 049   141   12.2   11.1   12.0   19.9   39.8   0.04   15.3    7.2   11.0   12.5    7.2   11.0   12.5   86.4  400.0   0.00   0.00 -99.00 2015049
 2015 050   142    0.0   11.1   12.0   20.4   40.8   0.02   11.0    2.3    6.4    8.0    2.3    6.4    8.0   86.4  400.0   0.00   0.00 -99.00 2015050
 2015 051   143    0.0   11.2   12.1   20.2   40.4   0.04   14.5   -0.7    6.4    9.3   -0.7    6.4    9.3   86.4  400.0   0.00   0.00 -99.00 2015051
 2015 052   144    0.0   11.2   12.1   16.1   32.2   0.24   21.6    4.4   12.4   15.7    4.4   12.4   15.7   86.4  400.0   0.00   0.00 -99.00 2015052
 2015 053   145    0.0   11.2   12.1   14.7   29.4   0.31   25.4   12.1   18.3   20.9   12.1   18.3   20.9   86.4  400.0   0.00   0.00 -99.00 2015053
 2015 054   146    0.0   11.2   12.1   16.8   33.6   0.22   24.9   14.0   19.1   21.2   14.0   19.1   21.2   86.4  400.0   0.00   0.00 -99.00 2015054
 2015 055   147    0.0   11.3   12.2   12.8   25.6   0.41   22.1   16.4   19.1   20.2   16.4   19.1   20.2   86.4  400.0   0.00   0.00 -99.00 2015055
 2015 056   148    0.0   11.3   12.2    8.9   17.8   0.59   24.5   15.0   19.5   21.3   15.0   19.5   21.3   86.4  400.0   0.00   0.00 -99.00 2015056
 2015 057   149    0.5   11.3   12.2    7.4   14.8   0.66   21.5   12.6   16.8   18.5   12.6   16.8   18.5   86.4  400.0   0.00   0.00 -99.00 2015057
 2015 058   150    0.0   11.4   12.2    5.3   10.6   0.76   15.3   11.4   13.2   14.0   11.4   13.2   14.0   86.4  400.0   0.00   0.00 -99.00 2015058
 2015 059   151   29.0   11.4   12.3    1.9    3.8   0.91   18.5   12.3   15.2   16.4   12.3   15.2   16.4   86.4  400.0   0.00   0.00 -99.00 2015059
 2015 060   152    0.0   11.4   12.3   15.7   31.4   0.30   27.6   17.1   22.0   24.1   17.1   22.0   24.1   86.4  400.0   0.00   0.00 -99.00 2015060
 2015 061   153    0.0   11.4   12.3   14.8   29.6   0.34   27.0   17.4   21.9   23.8   17.4   21.9   23.8   86.4  400.0   0.00   0.00 -99.00 2015061
 2015 062   154    0.0   11.5   12.3   16.3   32.6   0.28   27.1   15.1   20.8   23.1   15.1   20.8   23.1   86.4  400.0   0.00   0.00 -99.00 2015062
 2015 063   155    0.0   11.5   12.4   18.0   36.0   0.21   28.2   14.7   21.1   23.7   14.7   21.1   23.7   86.4  400.0   0.00   0.00 -99.00 2015063
 2015 064   156    0.0   11.5   12.4   15.7   31.4   0.32   27.2   16.6   21.6   23.7   16.6   21.6   23.7   86.4  400.0   0.00   0.00 -99.00 2015064
 2015 065   157    0.0   11.5   12.4   13.8   27.6   0.40   26.4   12.6   19.1   21.8   12.6   19.1   21.8   86.4  400.0   0.00   0.00 -99.00 2015065
 2015 066   158    0.0   11.6   12.5   12.6   25.2   0.46   21.7   10.7   15.9   18.1   10.7   15.9   18.1   86.4  400.0   0.00   0.00 -99.00 2015066
 2015 067   159    0.0   11.6   12.5   18.2   36.4   0.22   24.9   13.3   18.8   21.1   13.3   18.8   21.1   86.4  400.0   0.00   0.00 -99.00 2015067
 2015 068   160    0.0   11.6   12.5   18.3   36.6   0.22   26.8   13.7   19.9   22.5   13.7   19.9   22.5   86.4  400.0   0.00   0.00 -99.00 2015068
 2015 069   161    0.3   11.7   12.5   19.1   38.2   0.20   28.6   17.0   22.5   24.8   17.0   22.5   24.8   86.4  400.0   0.00   0.00 -99.00 2015069
 2015 070   162   12.7   11.7   12.6   14.2   28.4   0.41   29.1   18.0   23.3   25.5   18.0   23.3   25.5   86.4  400.0   0.00   0.00 -99.00 2015070
 2015 071   163    4.6   11.7   12.6   19.1   38.2   0.21   28.4   19.7   23.8   25.6   19.7   23.8   25.6   86.4  400.0   0.00   0.00 -99.00 2015071
 2015 072   164    0.0   11.7   12.6   19.2   38.4   0.21   27.8   17.8   22.5   24.5   17.8   22.5   24.5   86.4  400.0   0.00   0.00 -99.00 2015072
 2015 073   165    0.0   11.8   12.6   19.1   38.2   0.22   28.5   17.8   22.9   25.0   17.8   22.9   25.0   86.4  400.0   0.00   0.00 -99.00 2015073
 2015 074   166    0.0   11.8   12.7   20.5   41.0   0.16   27.3   16.3   21.5   23.7   16.3   21.5   23.7   86.4  400.1   0.00   0.00 -99.00 2015074
 2015 075   167    0.0   11.8   12.7   22.0   44.0   0.11   28.5   15.4   21.6   24.3   15.4   21.6   24.3   86.4  400.1   0.00   0.00 -99.00 2015075
 2015 076   168    0.0   11.9   12.7   23.0   46.0   0.07   26.7   15.5   20.8   23.1   15.5   20.8   23.1   86.4  400.1   0.00   0.00 -99.00 2015076
 2015 077   169    0.0   11.9   12.8   20.3   40.6   0.19   28.6   17.1   22.6   24.9   17.1   22.6   24.9   86.4  400.1   0.00   0.00 -99.00 2015077
 2015 078   170    0.5   11.9   12.8   17.9   35.8   0.29   27.6   16.6   21.8   24.1   16.6   21.8   24.1   86.4  400.1   0.00   0.00 -99.00 2015078
 2015 079   171    0.0   11.9   12.8   22.0   44.0   0.13   27.1   15.4   21.0   23.3   15.4   21.0   23.3   86.4  400.1   0.00   0.00 -99.00 2015079
 2015 080   172    0.0   12.0   12.8   20.9   41.8   0.18   28.0   14.6   21.0   23.7   14.6   21.0   23.7   86.4  400.1   0.00   0.00 -99.00 2015080
 2015 081   173    0.0   12.0   12.9   18.7   37.4   0.27   27.1   14.7   20.6   23.1   14.7   20.6   23.1   86.4  400.1   0.00   0.00 -99.00 2015081
 2015 082   174    7.6   12.0   12.9   10.1   20.2   0.61   24.2   17.6   20.8   21.8   17.6   20.8   21.8   86.4  400.1   0.00   0.00 -99.00 2015082
 2015 083   175    0.0   12.0   12.9   16.0   32.0   0.38   25.5   16.3   20.7   22.2   16.3   20.7   22.2   86.4  400.1   0.00   0.00 -99.00 2015083
 2015 084   176    0.0   12.1   13.0   17.7   35.4   0.32   27.4   15.9   21.4   23.3   15.9   21.4   23.3   86.4  400.1   0.00   0.00 -99.00 2015084
 2015 085   177    0.5   12.1   13.0   18.3   36.6   0.30   28.5   16.2   22.1   24.1   16.2   22.1   24.1   86.4  400.1   0.00   0.00 -99.00 2015085
 2015 086   178    9.1   12.1   13.0    9.3   18.6   0.65   24.9   15.0   19.8   21.4   15.0   19.8   21.4   86.4  400.1   0.00   0.00 -99.00 2015086
 2015 087   179    0.0   12.2   13.0   22.7   45.4   0.14   19.1    9.0   13.9   15.5    9.0   13.9   15.5   86.4  400.1   0.00   0.00 -99.00 2015087
